[2022-11-30 10:35:39,796] {taskinstance.py:1179} INFO - Dependencies all met for <TaskInstance: main_dag.create_currency_schema manual__2022-11-30T10:35:39.230874+00:00 [queued]>
[2022-11-30 10:35:39,804] {taskinstance.py:1179} INFO - Dependencies all met for <TaskInstance: main_dag.create_currency_schema manual__2022-11-30T10:35:39.230874+00:00 [queued]>
[2022-11-30 10:35:39,804] {taskinstance.py:1376} INFO - 
--------------------------------------------------------------------------------
[2022-11-30 10:35:39,804] {taskinstance.py:1377} INFO - Starting attempt 1 of 1
[2022-11-30 10:35:39,804] {taskinstance.py:1378} INFO - 
--------------------------------------------------------------------------------
[2022-11-30 10:35:39,815] {taskinstance.py:1397} INFO - Executing <Task(PostgresOperator): create_currency_schema> on 2022-11-30 10:35:39.230874+00:00
[2022-11-30 10:35:39,819] {standard_task_runner.py:52} INFO - Started process 172 to run task
[2022-11-30 10:35:39,821] {standard_task_runner.py:79} INFO - Running: ['***', 'tasks', 'run', 'main_dag', 'create_currency_schema', 'manual__2022-11-30T10:35:39.230874+00:00', '--job-id', '61', '--raw', '--subdir', 'DAGS_FOLDER/main_dag.py', '--cfg-path', '/tmp/tmpfrightw6', '--error-file', '/tmp/tmpskuqg3_p']
[2022-11-30 10:35:39,821] {standard_task_runner.py:80} INFO - Job 61: Subtask create_currency_schema
[2022-11-30 10:35:39,863] {task_command.py:371} INFO - Running <TaskInstance: main_dag.create_currency_schema manual__2022-11-30T10:35:39.230874+00:00 [running]> on host eeb3e2d91350
[2022-11-30 10:35:39,910] {taskinstance.py:1591} INFO - Exporting the following env vars:
AIRFLOW_CTX_DAG_OWNER=ricardo
AIRFLOW_CTX_DAG_ID=main_dag
AIRFLOW_CTX_TASK_ID=create_currency_schema
AIRFLOW_CTX_EXECUTION_DATE=2022-11-30T10:35:39.230874+00:00
AIRFLOW_CTX_TRY_NUMBER=1
AIRFLOW_CTX_DAG_RUN_ID=manual__2022-11-30T10:35:39.230874+00:00
[2022-11-30 10:35:39,911] {crypto.py:82} WARNING - empty cryptography key - values will not be stored encrypted.
[2022-11-30 10:35:39,912] {base.py:68} INFO - Using connection ID 'production_postgres' for task execution.
[2022-11-30 10:35:39,921] {dbapi.py:231} INFO - Running statement: 
        CREATE SCHEMA IF NOT EXISTS currency;
    , parameters: None
[2022-11-30 10:35:39,922] {postgres.py:94} INFO - NOTICE:  schema "currency" already exists, skipping

[2022-11-30 10:35:39,934] {taskinstance.py:1420} INFO - Marking task as SUCCESS. dag_id=main_dag, task_id=create_currency_schema, execution_date=20221130T103539, start_date=20221130T103539, end_date=20221130T103539
[2022-11-30 10:35:39,952] {local_task_job.py:156} INFO - Task exited with return code 0
[2022-11-30 10:35:39,977] {local_task_job.py:273} INFO - 0 downstream tasks scheduled from follow-on schedule check
