[2022-11-30 09:55:08,900] {processor.py:153} INFO - Started process (PID=794) to work on /opt/airflow/dags/main_dag.py
[2022-11-30 09:55:08,901] {processor.py:641} INFO - Processing file /opt/airflow/dags/main_dag.py for tasks to queue
[2022-11-30 09:55:08,902] {logging_mixin.py:115} INFO - [2022-11-30 09:55:08,902] {dagbag.py:508} INFO - Filling up the DagBag from /opt/airflow/dags/main_dag.py
[2022-11-30 09:55:08,914] {logging_mixin.py:115} INFO - [2022-11-30 09:55:08,913] {dagbag.py:321} ERROR - Failed to import: /opt/airflow/dags/main_dag.py
Traceback (most recent call last):
  File "/home/airflow/.local/lib/python3.7/site-packages/airflow/models/dagbag.py", line 318, in parse
    loader.exec_module(new_module)
  File "<frozen importlib._bootstrap_external>", line 728, in exec_module
  File "<frozen importlib._bootstrap>", line 219, in _call_with_frames_removed
  File "/opt/airflow/dags/main_dag.py", line 3, in <module>
    from ariflow.operators.dummy import DummyOperator
ModuleNotFoundError: No module named 'ariflow'
[2022-11-30 09:55:08,914] {processor.py:653} WARNING - No viable dags retrieved from /opt/airflow/dags/main_dag.py
[2022-11-30 09:55:08,934] {processor.py:161} INFO - Processing /opt/airflow/dags/main_dag.py took 0.042 seconds
[2022-11-30 09:55:38,984] {processor.py:153} INFO - Started process (PID=822) to work on /opt/airflow/dags/main_dag.py
[2022-11-30 09:55:38,985] {processor.py:641} INFO - Processing file /opt/airflow/dags/main_dag.py for tasks to queue
[2022-11-30 09:55:38,985] {logging_mixin.py:115} INFO - [2022-11-30 09:55:38,985] {dagbag.py:508} INFO - Filling up the DagBag from /opt/airflow/dags/main_dag.py
[2022-11-30 09:55:38,991] {logging_mixin.py:115} INFO - [2022-11-30 09:55:38,990] {dagbag.py:321} ERROR - Failed to import: /opt/airflow/dags/main_dag.py
Traceback (most recent call last):
  File "/home/airflow/.local/lib/python3.7/site-packages/airflow/models/dagbag.py", line 318, in parse
    loader.exec_module(new_module)
  File "<frozen importlib._bootstrap_external>", line 728, in exec_module
  File "<frozen importlib._bootstrap>", line 219, in _call_with_frames_removed
  File "/opt/airflow/dags/main_dag.py", line 3, in <module>
    from ariflow.operators.dummy import DummyOperator
ModuleNotFoundError: No module named 'ariflow'
[2022-11-30 09:55:38,991] {processor.py:653} WARNING - No viable dags retrieved from /opt/airflow/dags/main_dag.py
[2022-11-30 09:55:39,041] {processor.py:161} INFO - Processing /opt/airflow/dags/main_dag.py took 0.060 seconds
[2022-11-30 10:06:40,174] {processor.py:153} INFO - Started process (PID=52) to work on /opt/airflow/dags/main_dag.py
[2022-11-30 10:06:40,174] {processor.py:641} INFO - Processing file /opt/airflow/dags/main_dag.py for tasks to queue
[2022-11-30 10:06:40,175] {logging_mixin.py:115} INFO - [2022-11-30 10:06:40,175] {dagbag.py:508} INFO - Filling up the DagBag from /opt/airflow/dags/main_dag.py
[2022-11-30 10:06:40,179] {logging_mixin.py:115} INFO - [2022-11-30 10:06:40,178] {dagbag.py:321} ERROR - Failed to import: /opt/airflow/dags/main_dag.py
Traceback (most recent call last):
  File "/home/airflow/.local/lib/python3.7/site-packages/airflow/models/dagbag.py", line 318, in parse
    loader.exec_module(new_module)
  File "<frozen importlib._bootstrap_external>", line 728, in exec_module
  File "<frozen importlib._bootstrap>", line 219, in _call_with_frames_removed
  File "/opt/airflow/dags/main_dag.py", line 2, in <module>
    from ariflow.providers.postgres.operators.postgres import PostgresOperator
ModuleNotFoundError: No module named 'ariflow'
[2022-11-30 10:06:40,180] {processor.py:653} WARNING - No viable dags retrieved from /opt/airflow/dags/main_dag.py
[2022-11-30 10:06:40,368] {processor.py:161} INFO - Processing /opt/airflow/dags/main_dag.py took 0.199 seconds
[2022-11-30 10:07:10,444] {processor.py:153} INFO - Started process (PID=71) to work on /opt/airflow/dags/main_dag.py
[2022-11-30 10:07:10,444] {processor.py:641} INFO - Processing file /opt/airflow/dags/main_dag.py for tasks to queue
[2022-11-30 10:07:10,445] {logging_mixin.py:115} INFO - [2022-11-30 10:07:10,445] {dagbag.py:508} INFO - Filling up the DagBag from /opt/airflow/dags/main_dag.py
[2022-11-30 10:07:10,446] {logging_mixin.py:115} INFO - [2022-11-30 10:07:10,446] {dagbag.py:321} ERROR - Failed to import: /opt/airflow/dags/main_dag.py
Traceback (most recent call last):
  File "/home/airflow/.local/lib/python3.7/site-packages/airflow/models/dagbag.py", line 318, in parse
    loader.exec_module(new_module)
  File "<frozen importlib._bootstrap_external>", line 728, in exec_module
  File "<frozen importlib._bootstrap>", line 219, in _call_with_frames_removed
  File "/opt/airflow/dags/main_dag.py", line 2, in <module>
    from ariflow.providers.postgres.operators.postgres import PostgresOperator
ModuleNotFoundError: No module named 'ariflow'
[2022-11-30 10:07:10,447] {processor.py:653} WARNING - No viable dags retrieved from /opt/airflow/dags/main_dag.py
[2022-11-30 10:07:10,458] {processor.py:161} INFO - Processing /opt/airflow/dags/main_dag.py took 0.016 seconds
[2022-11-30 10:07:20,483] {processor.py:153} INFO - Started process (PID=81) to work on /opt/airflow/dags/main_dag.py
[2022-11-30 10:07:20,484] {processor.py:641} INFO - Processing file /opt/airflow/dags/main_dag.py for tasks to queue
[2022-11-30 10:07:20,485] {logging_mixin.py:115} INFO - [2022-11-30 10:07:20,485] {dagbag.py:508} INFO - Filling up the DagBag from /opt/airflow/dags/main_dag.py
[2022-11-30 10:07:20,519] {logging_mixin.py:115} INFO - [2022-11-30 10:07:20,518] {dagbag.py:321} ERROR - Failed to import: /opt/airflow/dags/main_dag.py
Traceback (most recent call last):
  File "/home/airflow/.local/lib/python3.7/site-packages/airflow/models/dagbag.py", line 318, in parse
    loader.exec_module(new_module)
  File "<frozen importlib._bootstrap_external>", line 728, in exec_module
  File "<frozen importlib._bootstrap>", line 219, in _call_with_frames_removed
  File "/opt/airflow/dags/main_dag.py", line 6, in <module>
    from helpers.queries import SqlQueries
ModuleNotFoundError: No module named 'helpers.queries'
[2022-11-30 10:07:20,519] {processor.py:653} WARNING - No viable dags retrieved from /opt/airflow/dags/main_dag.py
[2022-11-30 10:07:20,536] {processor.py:161} INFO - Processing /opt/airflow/dags/main_dag.py took 0.062 seconds
[2022-11-30 10:07:50,554] {processor.py:153} INFO - Started process (PID=110) to work on /opt/airflow/dags/main_dag.py
[2022-11-30 10:07:50,555] {processor.py:641} INFO - Processing file /opt/airflow/dags/main_dag.py for tasks to queue
[2022-11-30 10:07:50,555] {logging_mixin.py:115} INFO - [2022-11-30 10:07:50,555] {dagbag.py:508} INFO - Filling up the DagBag from /opt/airflow/dags/main_dag.py
[2022-11-30 10:07:50,560] {logging_mixin.py:115} INFO - [2022-11-30 10:07:50,559] {dagbag.py:321} ERROR - Failed to import: /opt/airflow/dags/main_dag.py
Traceback (most recent call last):
  File "/home/airflow/.local/lib/python3.7/site-packages/airflow/models/dagbag.py", line 318, in parse
    loader.exec_module(new_module)
  File "<frozen importlib._bootstrap_external>", line 728, in exec_module
  File "<frozen importlib._bootstrap>", line 219, in _call_with_frames_removed
  File "/opt/airflow/dags/main_dag.py", line 6, in <module>
    from helpers.queries import SqlQueries
ModuleNotFoundError: No module named 'helpers.queries'
[2022-11-30 10:07:50,560] {processor.py:653} WARNING - No viable dags retrieved from /opt/airflow/dags/main_dag.py
[2022-11-30 10:07:50,571] {processor.py:161} INFO - Processing /opt/airflow/dags/main_dag.py took 0.019 seconds
[2022-11-30 10:08:20,640] {processor.py:153} INFO - Started process (PID=129) to work on /opt/airflow/dags/main_dag.py
[2022-11-30 10:08:20,640] {processor.py:641} INFO - Processing file /opt/airflow/dags/main_dag.py for tasks to queue
[2022-11-30 10:08:20,640] {logging_mixin.py:115} INFO - [2022-11-30 10:08:20,640] {dagbag.py:508} INFO - Filling up the DagBag from /opt/airflow/dags/main_dag.py
[2022-11-30 10:08:20,645] {logging_mixin.py:115} INFO - [2022-11-30 10:08:20,644] {dagbag.py:321} ERROR - Failed to import: /opt/airflow/dags/main_dag.py
Traceback (most recent call last):
  File "/home/airflow/.local/lib/python3.7/site-packages/airflow/models/dagbag.py", line 318, in parse
    loader.exec_module(new_module)
  File "<frozen importlib._bootstrap_external>", line 728, in exec_module
  File "<frozen importlib._bootstrap>", line 219, in _call_with_frames_removed
  File "/opt/airflow/dags/main_dag.py", line 6, in <module>
    from helpers.queries import SqlQueries
ModuleNotFoundError: No module named 'helpers.queries'
[2022-11-30 10:08:20,645] {processor.py:653} WARNING - No viable dags retrieved from /opt/airflow/dags/main_dag.py
[2022-11-30 10:08:20,658] {processor.py:161} INFO - Processing /opt/airflow/dags/main_dag.py took 0.021 seconds
[2022-11-30 10:09:45,515] {processor.py:153} INFO - Started process (PID=42) to work on /opt/airflow/dags/main_dag.py
[2022-11-30 10:09:45,515] {processor.py:641} INFO - Processing file /opt/airflow/dags/main_dag.py for tasks to queue
[2022-11-30 10:09:45,516] {logging_mixin.py:115} INFO - [2022-11-30 10:09:45,516] {dagbag.py:508} INFO - Filling up the DagBag from /opt/airflow/dags/main_dag.py
[2022-11-30 10:09:45,622] {logging_mixin.py:115} INFO - [2022-11-30 10:09:45,622] {dagbag.py:321} ERROR - Failed to import: /opt/airflow/dags/main_dag.py
Traceback (most recent call last):
  File "/home/airflow/.local/lib/python3.7/site-packages/airflow/models/dagbag.py", line 318, in parse
    loader.exec_module(new_module)
  File "<frozen importlib._bootstrap_external>", line 728, in exec_module
  File "<frozen importlib._bootstrap>", line 219, in _call_with_frames_removed
  File "/opt/airflow/dags/main_dag.py", line 6, in <module>
    from helpers.queries import SqlQueries
ModuleNotFoundError: No module named 'helpers.queries'
[2022-11-30 10:09:45,622] {processor.py:653} WARNING - No viable dags retrieved from /opt/airflow/dags/main_dag.py
[2022-11-30 10:09:45,635] {processor.py:161} INFO - Processing /opt/airflow/dags/main_dag.py took 0.123 seconds
[2022-11-30 10:10:15,693] {processor.py:153} INFO - Started process (PID=70) to work on /opt/airflow/dags/main_dag.py
[2022-11-30 10:10:15,693] {processor.py:641} INFO - Processing file /opt/airflow/dags/main_dag.py for tasks to queue
[2022-11-30 10:10:15,694] {logging_mixin.py:115} INFO - [2022-11-30 10:10:15,694] {dagbag.py:508} INFO - Filling up the DagBag from /opt/airflow/dags/main_dag.py
[2022-11-30 10:10:15,698] {logging_mixin.py:115} INFO - [2022-11-30 10:10:15,698] {dagbag.py:321} ERROR - Failed to import: /opt/airflow/dags/main_dag.py
Traceback (most recent call last):
  File "/home/airflow/.local/lib/python3.7/site-packages/airflow/models/dagbag.py", line 318, in parse
    loader.exec_module(new_module)
  File "<frozen importlib._bootstrap_external>", line 728, in exec_module
  File "<frozen importlib._bootstrap>", line 219, in _call_with_frames_removed
  File "/opt/airflow/dags/main_dag.py", line 6, in <module>
    from helpers.queries import SqlQueries
ModuleNotFoundError: No module named 'helpers.queries'
[2022-11-30 10:10:15,698] {processor.py:653} WARNING - No viable dags retrieved from /opt/airflow/dags/main_dag.py
[2022-11-30 10:10:15,725] {processor.py:161} INFO - Processing /opt/airflow/dags/main_dag.py took 0.034 seconds
[2022-11-30 10:10:45,766] {processor.py:153} INFO - Started process (PID=98) to work on /opt/airflow/dags/main_dag.py
[2022-11-30 10:10:45,772] {processor.py:641} INFO - Processing file /opt/airflow/dags/main_dag.py for tasks to queue
[2022-11-30 10:10:45,772] {logging_mixin.py:115} INFO - [2022-11-30 10:10:45,772] {dagbag.py:508} INFO - Filling up the DagBag from /opt/airflow/dags/main_dag.py
[2022-11-30 10:10:45,777] {logging_mixin.py:115} INFO - [2022-11-30 10:10:45,776] {dagbag.py:321} ERROR - Failed to import: /opt/airflow/dags/main_dag.py
Traceback (most recent call last):
  File "/home/airflow/.local/lib/python3.7/site-packages/airflow/models/dagbag.py", line 318, in parse
    loader.exec_module(new_module)
  File "<frozen importlib._bootstrap_external>", line 728, in exec_module
  File "<frozen importlib._bootstrap>", line 219, in _call_with_frames_removed
  File "/opt/airflow/dags/main_dag.py", line 6, in <module>
    from helpers.queries import SqlQueries
ModuleNotFoundError: No module named 'helpers.queries'
[2022-11-30 10:10:45,777] {processor.py:653} WARNING - No viable dags retrieved from /opt/airflow/dags/main_dag.py
[2022-11-30 10:10:45,789] {processor.py:161} INFO - Processing /opt/airflow/dags/main_dag.py took 0.024 seconds
[2022-11-30 10:11:15,872] {processor.py:153} INFO - Started process (PID=117) to work on /opt/airflow/dags/main_dag.py
[2022-11-30 10:11:15,877] {processor.py:641} INFO - Processing file /opt/airflow/dags/main_dag.py for tasks to queue
[2022-11-30 10:11:15,879] {logging_mixin.py:115} INFO - [2022-11-30 10:11:15,878] {dagbag.py:508} INFO - Filling up the DagBag from /opt/airflow/dags/main_dag.py
[2022-11-30 10:11:15,885] {logging_mixin.py:115} INFO - [2022-11-30 10:11:15,885] {dagbag.py:321} ERROR - Failed to import: /opt/airflow/dags/main_dag.py
Traceback (most recent call last):
  File "/home/airflow/.local/lib/python3.7/site-packages/airflow/models/dagbag.py", line 318, in parse
    loader.exec_module(new_module)
  File "<frozen importlib._bootstrap_external>", line 728, in exec_module
  File "<frozen importlib._bootstrap>", line 219, in _call_with_frames_removed
  File "/opt/airflow/dags/main_dag.py", line 6, in <module>
    from helpers.queries import SqlQueries
ModuleNotFoundError: No module named 'helpers.queries'
[2022-11-30 10:11:15,885] {processor.py:653} WARNING - No viable dags retrieved from /opt/airflow/dags/main_dag.py
[2022-11-30 10:11:15,897] {processor.py:161} INFO - Processing /opt/airflow/dags/main_dag.py took 0.027 seconds
[2022-11-30 10:11:45,951] {processor.py:153} INFO - Started process (PID=146) to work on /opt/airflow/dags/main_dag.py
[2022-11-30 10:11:45,956] {processor.py:641} INFO - Processing file /opt/airflow/dags/main_dag.py for tasks to queue
[2022-11-30 10:11:45,957] {logging_mixin.py:115} INFO - [2022-11-30 10:11:45,957] {dagbag.py:508} INFO - Filling up the DagBag from /opt/airflow/dags/main_dag.py
[2022-11-30 10:11:45,961] {logging_mixin.py:115} INFO - [2022-11-30 10:11:45,960] {dagbag.py:321} ERROR - Failed to import: /opt/airflow/dags/main_dag.py
Traceback (most recent call last):
  File "/home/airflow/.local/lib/python3.7/site-packages/airflow/models/dagbag.py", line 318, in parse
    loader.exec_module(new_module)
  File "<frozen importlib._bootstrap_external>", line 728, in exec_module
  File "<frozen importlib._bootstrap>", line 219, in _call_with_frames_removed
  File "/opt/airflow/dags/main_dag.py", line 6, in <module>
    from helpers.queries import SqlQueries
ModuleNotFoundError: No module named 'helpers.queries'
[2022-11-30 10:11:45,961] {processor.py:653} WARNING - No viable dags retrieved from /opt/airflow/dags/main_dag.py
[2022-11-30 10:11:45,973] {processor.py:161} INFO - Processing /opt/airflow/dags/main_dag.py took 0.023 seconds
[2022-11-30 10:12:16,027] {processor.py:153} INFO - Started process (PID=175) to work on /opt/airflow/dags/main_dag.py
[2022-11-30 10:12:16,027] {processor.py:641} INFO - Processing file /opt/airflow/dags/main_dag.py for tasks to queue
[2022-11-30 10:12:16,027] {logging_mixin.py:115} INFO - [2022-11-30 10:12:16,027] {dagbag.py:508} INFO - Filling up the DagBag from /opt/airflow/dags/main_dag.py
[2022-11-30 10:12:16,031] {logging_mixin.py:115} INFO - [2022-11-30 10:12:16,031] {dagbag.py:321} ERROR - Failed to import: /opt/airflow/dags/main_dag.py
Traceback (most recent call last):
  File "/home/airflow/.local/lib/python3.7/site-packages/airflow/models/dagbag.py", line 318, in parse
    loader.exec_module(new_module)
  File "<frozen importlib._bootstrap_external>", line 728, in exec_module
  File "<frozen importlib._bootstrap>", line 219, in _call_with_frames_removed
  File "/opt/airflow/dags/main_dag.py", line 6, in <module>
    from helpers.queries import SqlQueries
ModuleNotFoundError: No module named 'helpers.queries'
[2022-11-30 10:12:16,032] {processor.py:653} WARNING - No viable dags retrieved from /opt/airflow/dags/main_dag.py
[2022-11-30 10:12:16,043] {processor.py:161} INFO - Processing /opt/airflow/dags/main_dag.py took 0.018 seconds
[2022-11-30 10:12:46,105] {processor.py:153} INFO - Started process (PID=203) to work on /opt/airflow/dags/main_dag.py
[2022-11-30 10:12:46,106] {processor.py:641} INFO - Processing file /opt/airflow/dags/main_dag.py for tasks to queue
[2022-11-30 10:12:46,106] {logging_mixin.py:115} INFO - [2022-11-30 10:12:46,106] {dagbag.py:508} INFO - Filling up the DagBag from /opt/airflow/dags/main_dag.py
[2022-11-30 10:12:46,110] {logging_mixin.py:115} INFO - [2022-11-30 10:12:46,110] {dagbag.py:321} ERROR - Failed to import: /opt/airflow/dags/main_dag.py
Traceback (most recent call last):
  File "/home/airflow/.local/lib/python3.7/site-packages/airflow/models/dagbag.py", line 318, in parse
    loader.exec_module(new_module)
  File "<frozen importlib._bootstrap_external>", line 728, in exec_module
  File "<frozen importlib._bootstrap>", line 219, in _call_with_frames_removed
  File "/opt/airflow/dags/main_dag.py", line 6, in <module>
    from helpers.queries import SqlQueries
ModuleNotFoundError: No module named 'helpers.queries'
[2022-11-30 10:12:46,110] {processor.py:653} WARNING - No viable dags retrieved from /opt/airflow/dags/main_dag.py
[2022-11-30 10:12:46,122] {processor.py:161} INFO - Processing /opt/airflow/dags/main_dag.py took 0.019 seconds
[2022-11-30 10:13:16,187] {processor.py:153} INFO - Started process (PID=221) to work on /opt/airflow/dags/main_dag.py
[2022-11-30 10:13:16,187] {processor.py:641} INFO - Processing file /opt/airflow/dags/main_dag.py for tasks to queue
[2022-11-30 10:13:16,187] {logging_mixin.py:115} INFO - [2022-11-30 10:13:16,187] {dagbag.py:508} INFO - Filling up the DagBag from /opt/airflow/dags/main_dag.py
[2022-11-30 10:13:16,191] {logging_mixin.py:115} INFO - [2022-11-30 10:13:16,191] {dagbag.py:321} ERROR - Failed to import: /opt/airflow/dags/main_dag.py
Traceback (most recent call last):
  File "/home/airflow/.local/lib/python3.7/site-packages/airflow/models/dagbag.py", line 318, in parse
    loader.exec_module(new_module)
  File "<frozen importlib._bootstrap_external>", line 728, in exec_module
  File "<frozen importlib._bootstrap>", line 219, in _call_with_frames_removed
  File "/opt/airflow/dags/main_dag.py", line 6, in <module>
    from helpers.queries import SqlQueries
ModuleNotFoundError: No module named 'helpers.queries'
[2022-11-30 10:13:16,191] {processor.py:653} WARNING - No viable dags retrieved from /opt/airflow/dags/main_dag.py
[2022-11-30 10:13:16,203] {processor.py:161} INFO - Processing /opt/airflow/dags/main_dag.py took 0.018 seconds
[2022-11-30 10:13:46,266] {processor.py:153} INFO - Started process (PID=250) to work on /opt/airflow/dags/main_dag.py
[2022-11-30 10:13:46,271] {processor.py:641} INFO - Processing file /opt/airflow/dags/main_dag.py for tasks to queue
[2022-11-30 10:13:46,272] {logging_mixin.py:115} INFO - [2022-11-30 10:13:46,272] {dagbag.py:508} INFO - Filling up the DagBag from /opt/airflow/dags/main_dag.py
[2022-11-30 10:13:46,276] {logging_mixin.py:115} INFO - [2022-11-30 10:13:46,275] {dagbag.py:321} ERROR - Failed to import: /opt/airflow/dags/main_dag.py
Traceback (most recent call last):
  File "/home/airflow/.local/lib/python3.7/site-packages/airflow/models/dagbag.py", line 318, in parse
    loader.exec_module(new_module)
  File "<frozen importlib._bootstrap_external>", line 728, in exec_module
  File "<frozen importlib._bootstrap>", line 219, in _call_with_frames_removed
  File "/opt/airflow/dags/main_dag.py", line 6, in <module>
    from helpers.queries import SqlQueries
ModuleNotFoundError: No module named 'helpers.queries'
[2022-11-30 10:13:46,276] {processor.py:653} WARNING - No viable dags retrieved from /opt/airflow/dags/main_dag.py
[2022-11-30 10:13:46,287] {processor.py:161} INFO - Processing /opt/airflow/dags/main_dag.py took 0.023 seconds
[2022-11-30 10:14:16,349] {processor.py:153} INFO - Started process (PID=279) to work on /opt/airflow/dags/main_dag.py
[2022-11-30 10:14:16,354] {processor.py:641} INFO - Processing file /opt/airflow/dags/main_dag.py for tasks to queue
[2022-11-30 10:14:16,355] {logging_mixin.py:115} INFO - [2022-11-30 10:14:16,355] {dagbag.py:508} INFO - Filling up the DagBag from /opt/airflow/dags/main_dag.py
[2022-11-30 10:14:16,359] {logging_mixin.py:115} INFO - [2022-11-30 10:14:16,359] {dagbag.py:321} ERROR - Failed to import: /opt/airflow/dags/main_dag.py
Traceback (most recent call last):
  File "/home/airflow/.local/lib/python3.7/site-packages/airflow/models/dagbag.py", line 318, in parse
    loader.exec_module(new_module)
  File "<frozen importlib._bootstrap_external>", line 728, in exec_module
  File "<frozen importlib._bootstrap>", line 219, in _call_with_frames_removed
  File "/opt/airflow/dags/main_dag.py", line 6, in <module>
    from helpers.queries import SqlQueries
ModuleNotFoundError: No module named 'helpers.queries'
[2022-11-30 10:14:16,359] {processor.py:653} WARNING - No viable dags retrieved from /opt/airflow/dags/main_dag.py
[2022-11-30 10:14:16,371] {processor.py:161} INFO - Processing /opt/airflow/dags/main_dag.py took 0.023 seconds
[2022-11-30 10:14:46,436] {processor.py:153} INFO - Started process (PID=298) to work on /opt/airflow/dags/main_dag.py
[2022-11-30 10:14:46,441] {processor.py:641} INFO - Processing file /opt/airflow/dags/main_dag.py for tasks to queue
[2022-11-30 10:14:46,442] {logging_mixin.py:115} INFO - [2022-11-30 10:14:46,442] {dagbag.py:508} INFO - Filling up the DagBag from /opt/airflow/dags/main_dag.py
[2022-11-30 10:14:46,449] {logging_mixin.py:115} INFO - [2022-11-30 10:14:46,449] {dagbag.py:321} ERROR - Failed to import: /opt/airflow/dags/main_dag.py
Traceback (most recent call last):
  File "/home/airflow/.local/lib/python3.7/site-packages/airflow/models/dagbag.py", line 318, in parse
    loader.exec_module(new_module)
  File "<frozen importlib._bootstrap_external>", line 728, in exec_module
  File "<frozen importlib._bootstrap>", line 219, in _call_with_frames_removed
  File "/opt/airflow/dags/main_dag.py", line 6, in <module>
    from helpers.queries import SqlQueries
ModuleNotFoundError: No module named 'helpers.queries'
[2022-11-30 10:14:46,450] {processor.py:653} WARNING - No viable dags retrieved from /opt/airflow/dags/main_dag.py
[2022-11-30 10:14:46,461] {processor.py:161} INFO - Processing /opt/airflow/dags/main_dag.py took 0.027 seconds
[2022-11-30 10:15:16,508] {processor.py:153} INFO - Started process (PID=326) to work on /opt/airflow/dags/main_dag.py
[2022-11-30 10:15:16,509] {processor.py:641} INFO - Processing file /opt/airflow/dags/main_dag.py for tasks to queue
[2022-11-30 10:15:16,509] {logging_mixin.py:115} INFO - [2022-11-30 10:15:16,509] {dagbag.py:508} INFO - Filling up the DagBag from /opt/airflow/dags/main_dag.py
[2022-11-30 10:15:16,513] {logging_mixin.py:115} INFO - [2022-11-30 10:15:16,513] {dagbag.py:321} ERROR - Failed to import: /opt/airflow/dags/main_dag.py
Traceback (most recent call last):
  File "/home/airflow/.local/lib/python3.7/site-packages/airflow/models/dagbag.py", line 318, in parse
    loader.exec_module(new_module)
  File "<frozen importlib._bootstrap_external>", line 728, in exec_module
  File "<frozen importlib._bootstrap>", line 219, in _call_with_frames_removed
  File "/opt/airflow/dags/main_dag.py", line 6, in <module>
    from helpers.queries import SqlQueries
ModuleNotFoundError: No module named 'helpers.queries'
[2022-11-30 10:15:16,513] {processor.py:653} WARNING - No viable dags retrieved from /opt/airflow/dags/main_dag.py
[2022-11-30 10:15:16,525] {processor.py:161} INFO - Processing /opt/airflow/dags/main_dag.py took 0.018 seconds
[2022-11-30 10:15:46,586] {processor.py:153} INFO - Started process (PID=356) to work on /opt/airflow/dags/main_dag.py
[2022-11-30 10:15:46,586] {processor.py:641} INFO - Processing file /opt/airflow/dags/main_dag.py for tasks to queue
[2022-11-30 10:15:46,587] {logging_mixin.py:115} INFO - [2022-11-30 10:15:46,586] {dagbag.py:508} INFO - Filling up the DagBag from /opt/airflow/dags/main_dag.py
[2022-11-30 10:15:46,591] {logging_mixin.py:115} INFO - [2022-11-30 10:15:46,591] {dagbag.py:321} ERROR - Failed to import: /opt/airflow/dags/main_dag.py
Traceback (most recent call last):
  File "/home/airflow/.local/lib/python3.7/site-packages/airflow/models/dagbag.py", line 318, in parse
    loader.exec_module(new_module)
  File "<frozen importlib._bootstrap_external>", line 728, in exec_module
  File "<frozen importlib._bootstrap>", line 219, in _call_with_frames_removed
  File "/opt/airflow/dags/main_dag.py", line 6, in <module>
    from helpers.queries import SqlQueries
ModuleNotFoundError: No module named 'helpers.queries'
[2022-11-30 10:15:46,591] {processor.py:653} WARNING - No viable dags retrieved from /opt/airflow/dags/main_dag.py
[2022-11-30 10:15:46,606] {processor.py:161} INFO - Processing /opt/airflow/dags/main_dag.py took 0.022 seconds
[2022-11-30 10:16:16,667] {processor.py:153} INFO - Started process (PID=384) to work on /opt/airflow/dags/main_dag.py
[2022-11-30 10:16:16,673] {processor.py:641} INFO - Processing file /opt/airflow/dags/main_dag.py for tasks to queue
[2022-11-30 10:16:16,673] {logging_mixin.py:115} INFO - [2022-11-30 10:16:16,673] {dagbag.py:508} INFO - Filling up the DagBag from /opt/airflow/dags/main_dag.py
[2022-11-30 10:16:16,677] {logging_mixin.py:115} INFO - [2022-11-30 10:16:16,677] {dagbag.py:321} ERROR - Failed to import: /opt/airflow/dags/main_dag.py
Traceback (most recent call last):
  File "/home/airflow/.local/lib/python3.7/site-packages/airflow/models/dagbag.py", line 318, in parse
    loader.exec_module(new_module)
  File "<frozen importlib._bootstrap_external>", line 728, in exec_module
  File "<frozen importlib._bootstrap>", line 219, in _call_with_frames_removed
  File "/opt/airflow/dags/main_dag.py", line 6, in <module>
    from helpers.queries import SqlQueries
ModuleNotFoundError: No module named 'helpers.queries'
[2022-11-30 10:16:16,677] {processor.py:653} WARNING - No viable dags retrieved from /opt/airflow/dags/main_dag.py
[2022-11-30 10:16:16,690] {processor.py:161} INFO - Processing /opt/airflow/dags/main_dag.py took 0.024 seconds
[2022-11-30 10:16:46,746] {processor.py:153} INFO - Started process (PID=403) to work on /opt/airflow/dags/main_dag.py
[2022-11-30 10:16:46,747] {processor.py:641} INFO - Processing file /opt/airflow/dags/main_dag.py for tasks to queue
[2022-11-30 10:16:46,747] {logging_mixin.py:115} INFO - [2022-11-30 10:16:46,747] {dagbag.py:508} INFO - Filling up the DagBag from /opt/airflow/dags/main_dag.py
[2022-11-30 10:16:46,751] {logging_mixin.py:115} INFO - [2022-11-30 10:16:46,751] {dagbag.py:321} ERROR - Failed to import: /opt/airflow/dags/main_dag.py
Traceback (most recent call last):
  File "/home/airflow/.local/lib/python3.7/site-packages/airflow/models/dagbag.py", line 318, in parse
    loader.exec_module(new_module)
  File "<frozen importlib._bootstrap_external>", line 728, in exec_module
  File "<frozen importlib._bootstrap>", line 219, in _call_with_frames_removed
  File "/opt/airflow/dags/main_dag.py", line 6, in <module>
    from helpers.queries import SqlQueries
ModuleNotFoundError: No module named 'helpers.queries'
[2022-11-30 10:16:46,751] {processor.py:653} WARNING - No viable dags retrieved from /opt/airflow/dags/main_dag.py
[2022-11-30 10:16:46,763] {processor.py:161} INFO - Processing /opt/airflow/dags/main_dag.py took 0.018 seconds
[2022-11-30 10:17:16,819] {processor.py:153} INFO - Started process (PID=432) to work on /opt/airflow/dags/main_dag.py
[2022-11-30 10:17:16,825] {processor.py:641} INFO - Processing file /opt/airflow/dags/main_dag.py for tasks to queue
[2022-11-30 10:17:16,825] {logging_mixin.py:115} INFO - [2022-11-30 10:17:16,825] {dagbag.py:508} INFO - Filling up the DagBag from /opt/airflow/dags/main_dag.py
[2022-11-30 10:17:16,831] {logging_mixin.py:115} INFO - [2022-11-30 10:17:16,830] {dagbag.py:321} ERROR - Failed to import: /opt/airflow/dags/main_dag.py
Traceback (most recent call last):
  File "/home/airflow/.local/lib/python3.7/site-packages/airflow/models/dagbag.py", line 318, in parse
    loader.exec_module(new_module)
  File "<frozen importlib._bootstrap_external>", line 728, in exec_module
  File "<frozen importlib._bootstrap>", line 219, in _call_with_frames_removed
  File "/opt/airflow/dags/main_dag.py", line 6, in <module>
    from helpers.queries import SqlQueries
ModuleNotFoundError: No module named 'helpers.queries'
[2022-11-30 10:17:16,831] {processor.py:653} WARNING - No viable dags retrieved from /opt/airflow/dags/main_dag.py
[2022-11-30 10:17:16,845] {processor.py:161} INFO - Processing /opt/airflow/dags/main_dag.py took 0.029 seconds
[2022-11-30 10:17:46,912] {processor.py:153} INFO - Started process (PID=461) to work on /opt/airflow/dags/main_dag.py
[2022-11-30 10:17:46,918] {processor.py:641} INFO - Processing file /opt/airflow/dags/main_dag.py for tasks to queue
[2022-11-30 10:17:46,919] {logging_mixin.py:115} INFO - [2022-11-30 10:17:46,919] {dagbag.py:508} INFO - Filling up the DagBag from /opt/airflow/dags/main_dag.py
[2022-11-30 10:17:46,939] {logging_mixin.py:115} INFO - [2022-11-30 10:17:46,937] {dagbag.py:321} ERROR - Failed to import: /opt/airflow/dags/main_dag.py
Traceback (most recent call last):
  File "/home/airflow/.local/lib/python3.7/site-packages/airflow/models/dagbag.py", line 318, in parse
    loader.exec_module(new_module)
  File "<frozen importlib._bootstrap_external>", line 728, in exec_module
  File "<frozen importlib._bootstrap>", line 219, in _call_with_frames_removed
  File "/opt/airflow/dags/main_dag.py", line 6, in <module>
    from helpers.queries import SqlQueries
ModuleNotFoundError: No module named 'helpers.queries'
[2022-11-30 10:17:46,940] {processor.py:653} WARNING - No viable dags retrieved from /opt/airflow/dags/main_dag.py
[2022-11-30 10:17:46,967] {processor.py:161} INFO - Processing /opt/airflow/dags/main_dag.py took 0.062 seconds
[2022-11-30 10:18:17,021] {processor.py:153} INFO - Started process (PID=480) to work on /opt/airflow/dags/main_dag.py
[2022-11-30 10:18:17,027] {processor.py:641} INFO - Processing file /opt/airflow/dags/main_dag.py for tasks to queue
[2022-11-30 10:18:17,028] {logging_mixin.py:115} INFO - [2022-11-30 10:18:17,028] {dagbag.py:508} INFO - Filling up the DagBag from /opt/airflow/dags/main_dag.py
[2022-11-30 10:18:17,035] {logging_mixin.py:115} INFO - [2022-11-30 10:18:17,034] {dagbag.py:321} ERROR - Failed to import: /opt/airflow/dags/main_dag.py
Traceback (most recent call last):
  File "/home/airflow/.local/lib/python3.7/site-packages/airflow/models/dagbag.py", line 318, in parse
    loader.exec_module(new_module)
  File "<frozen importlib._bootstrap_external>", line 728, in exec_module
  File "<frozen importlib._bootstrap>", line 219, in _call_with_frames_removed
  File "/opt/airflow/dags/main_dag.py", line 6, in <module>
    from helpers.queries import SqlQueries
ModuleNotFoundError: No module named 'helpers.queries'
[2022-11-30 10:18:17,035] {processor.py:653} WARNING - No viable dags retrieved from /opt/airflow/dags/main_dag.py
[2022-11-30 10:18:17,046] {processor.py:161} INFO - Processing /opt/airflow/dags/main_dag.py took 0.027 seconds
[2022-11-30 10:18:47,094] {processor.py:153} INFO - Started process (PID=508) to work on /opt/airflow/dags/main_dag.py
[2022-11-30 10:18:47,100] {processor.py:641} INFO - Processing file /opt/airflow/dags/main_dag.py for tasks to queue
[2022-11-30 10:18:47,101] {logging_mixin.py:115} INFO - [2022-11-30 10:18:47,101] {dagbag.py:508} INFO - Filling up the DagBag from /opt/airflow/dags/main_dag.py
[2022-11-30 10:18:47,123] {logging_mixin.py:115} INFO - [2022-11-30 10:18:47,121] {dagbag.py:321} ERROR - Failed to import: /opt/airflow/dags/main_dag.py
Traceback (most recent call last):
  File "/home/airflow/.local/lib/python3.7/site-packages/airflow/models/dagbag.py", line 318, in parse
    loader.exec_module(new_module)
  File "<frozen importlib._bootstrap_external>", line 728, in exec_module
  File "<frozen importlib._bootstrap>", line 219, in _call_with_frames_removed
  File "/opt/airflow/dags/main_dag.py", line 6, in <module>
    from helpers.queries import SqlQueries
  File "/opt/airflow/plugins/helpers/__init__.py", line 1, in <module>
    from helpers.queries import SqlQueries
ModuleNotFoundError: No module named 'helpers.queries'
[2022-11-30 10:18:47,123] {processor.py:653} WARNING - No viable dags retrieved from /opt/airflow/dags/main_dag.py
[2022-11-30 10:18:47,153] {processor.py:161} INFO - Processing /opt/airflow/dags/main_dag.py took 0.062 seconds
[2022-11-30 10:19:17,227] {processor.py:153} INFO - Started process (PID=536) to work on /opt/airflow/dags/main_dag.py
[2022-11-30 10:19:17,233] {processor.py:641} INFO - Processing file /opt/airflow/dags/main_dag.py for tasks to queue
[2022-11-30 10:19:17,234] {logging_mixin.py:115} INFO - [2022-11-30 10:19:17,234] {dagbag.py:508} INFO - Filling up the DagBag from /opt/airflow/dags/main_dag.py
[2022-11-30 10:19:17,245] {logging_mixin.py:115} INFO - [2022-11-30 10:19:17,244] {dagbag.py:321} ERROR - Failed to import: /opt/airflow/dags/main_dag.py
Traceback (most recent call last):
  File "/home/airflow/.local/lib/python3.7/site-packages/airflow/models/dagbag.py", line 318, in parse
    loader.exec_module(new_module)
  File "<frozen importlib._bootstrap_external>", line 728, in exec_module
  File "<frozen importlib._bootstrap>", line 219, in _call_with_frames_removed
  File "/opt/airflow/dags/main_dag.py", line 6, in <module>
    from helpers.queries import SqlQueries
  File "/opt/airflow/plugins/helpers/__init__.py", line 1, in <module>
    from helpers.queries import SqlQueries
ModuleNotFoundError: No module named 'helpers.queries'
[2022-11-30 10:19:17,245] {processor.py:653} WARNING - No viable dags retrieved from /opt/airflow/dags/main_dag.py
[2022-11-30 10:19:17,263] {processor.py:161} INFO - Processing /opt/airflow/dags/main_dag.py took 0.044 seconds
[2022-11-30 10:19:47,302] {processor.py:153} INFO - Started process (PID=563) to work on /opt/airflow/dags/main_dag.py
[2022-11-30 10:19:47,307] {processor.py:641} INFO - Processing file /opt/airflow/dags/main_dag.py for tasks to queue
[2022-11-30 10:19:47,310] {logging_mixin.py:115} INFO - [2022-11-30 10:19:47,308] {dagbag.py:508} INFO - Filling up the DagBag from /opt/airflow/dags/main_dag.py
[2022-11-30 10:19:47,315] {logging_mixin.py:115} INFO - [2022-11-30 10:19:47,314] {dagbag.py:321} ERROR - Failed to import: /opt/airflow/dags/main_dag.py
Traceback (most recent call last):
  File "/home/airflow/.local/lib/python3.7/site-packages/airflow/models/dagbag.py", line 318, in parse
    loader.exec_module(new_module)
  File "<frozen importlib._bootstrap_external>", line 728, in exec_module
  File "<frozen importlib._bootstrap>", line 219, in _call_with_frames_removed
  File "/opt/airflow/dags/main_dag.py", line 6, in <module>
    from helpers.queries import SqlQueries
  File "/opt/airflow/plugins/helpers/__init__.py", line 1, in <module>
    from helpers.queries import SqlQueries
ModuleNotFoundError: No module named 'helpers.queries'
[2022-11-30 10:19:47,315] {processor.py:653} WARNING - No viable dags retrieved from /opt/airflow/dags/main_dag.py
[2022-11-30 10:19:47,328] {processor.py:161} INFO - Processing /opt/airflow/dags/main_dag.py took 0.028 seconds
[2022-11-30 10:19:58,362] {processor.py:153} INFO - Started process (PID=573) to work on /opt/airflow/dags/main_dag.py
[2022-11-30 10:19:58,363] {processor.py:641} INFO - Processing file /opt/airflow/dags/main_dag.py for tasks to queue
[2022-11-30 10:19:58,366] {logging_mixin.py:115} INFO - [2022-11-30 10:19:58,366] {dagbag.py:508} INFO - Filling up the DagBag from /opt/airflow/dags/main_dag.py
[2022-11-30 10:19:58,382] {logging_mixin.py:115} INFO - [2022-11-30 10:19:58,381] {dagbag.py:321} ERROR - Failed to import: /opt/airflow/dags/main_dag.py
Traceback (most recent call last):
  File "/home/airflow/.local/lib/python3.7/site-packages/airflow/models/dagbag.py", line 318, in parse
    loader.exec_module(new_module)
  File "<frozen importlib._bootstrap_external>", line 728, in exec_module
  File "<frozen importlib._bootstrap>", line 219, in _call_with_frames_removed
  File "/opt/airflow/dags/main_dag.py", line 7, in <module>
    from helpers import SqlQueries
  File "/opt/airflow/plugins/helpers/__init__.py", line 1, in <module>
    from helpers.queries import SqlQueries
ModuleNotFoundError: No module named 'helpers.queries'
[2022-11-30 10:19:58,383] {processor.py:653} WARNING - No viable dags retrieved from /opt/airflow/dags/main_dag.py
[2022-11-30 10:19:58,407] {processor.py:161} INFO - Processing /opt/airflow/dags/main_dag.py took 0.052 seconds
[2022-11-30 10:20:28,437] {processor.py:153} INFO - Started process (PID=592) to work on /opt/airflow/dags/main_dag.py
[2022-11-30 10:20:28,443] {processor.py:641} INFO - Processing file /opt/airflow/dags/main_dag.py for tasks to queue
[2022-11-30 10:20:28,444] {logging_mixin.py:115} INFO - [2022-11-30 10:20:28,444] {dagbag.py:508} INFO - Filling up the DagBag from /opt/airflow/dags/main_dag.py
[2022-11-30 10:20:28,450] {logging_mixin.py:115} INFO - [2022-11-30 10:20:28,450] {dagbag.py:321} ERROR - Failed to import: /opt/airflow/dags/main_dag.py
Traceback (most recent call last):
  File "/home/airflow/.local/lib/python3.7/site-packages/airflow/models/dagbag.py", line 318, in parse
    loader.exec_module(new_module)
  File "<frozen importlib._bootstrap_external>", line 728, in exec_module
  File "<frozen importlib._bootstrap>", line 219, in _call_with_frames_removed
  File "/opt/airflow/dags/main_dag.py", line 7, in <module>
    from helpers import SqlQueries
  File "/opt/airflow/plugins/helpers/__init__.py", line 1, in <module>
    from helpers.queries import SqlQueries
ModuleNotFoundError: No module named 'helpers.queries'
[2022-11-30 10:20:28,450] {processor.py:653} WARNING - No viable dags retrieved from /opt/airflow/dags/main_dag.py
[2022-11-30 10:20:28,464] {processor.py:161} INFO - Processing /opt/airflow/dags/main_dag.py took 0.030 seconds
[2022-11-30 10:20:35,478] {processor.py:153} INFO - Started process (PID=602) to work on /opt/airflow/dags/main_dag.py
[2022-11-30 10:20:35,479] {processor.py:641} INFO - Processing file /opt/airflow/dags/main_dag.py for tasks to queue
[2022-11-30 10:20:35,480] {logging_mixin.py:115} INFO - [2022-11-30 10:20:35,480] {dagbag.py:508} INFO - Filling up the DagBag from /opt/airflow/dags/main_dag.py
[2022-11-30 10:20:35,490] {logging_mixin.py:115} INFO - [2022-11-30 10:20:35,489] {dagbag.py:321} ERROR - Failed to import: /opt/airflow/dags/main_dag.py
Traceback (most recent call last):
  File "/home/airflow/.local/lib/python3.7/site-packages/airflow/models/dagbag.py", line 318, in parse
    loader.exec_module(new_module)
  File "<frozen importlib._bootstrap_external>", line 728, in exec_module
  File "<frozen importlib._bootstrap>", line 219, in _call_with_frames_removed
  File "/opt/airflow/dags/main_dag.py", line 7, in <module>
    from helpers.sql_queries import SqlQueries
  File "/opt/airflow/plugins/helpers/__init__.py", line 1, in <module>
    from helpers.queries import SqlQueries
ModuleNotFoundError: No module named 'helpers.queries'
[2022-11-30 10:20:35,490] {processor.py:653} WARNING - No viable dags retrieved from /opt/airflow/dags/main_dag.py
[2022-11-30 10:20:35,507] {processor.py:161} INFO - Processing /opt/airflow/dags/main_dag.py took 0.032 seconds
[2022-11-30 10:21:05,553] {processor.py:153} INFO - Started process (PID=630) to work on /opt/airflow/dags/main_dag.py
[2022-11-30 10:21:05,558] {processor.py:641} INFO - Processing file /opt/airflow/dags/main_dag.py for tasks to queue
[2022-11-30 10:21:05,560] {logging_mixin.py:115} INFO - [2022-11-30 10:21:05,559] {dagbag.py:508} INFO - Filling up the DagBag from /opt/airflow/dags/main_dag.py
[2022-11-30 10:21:05,566] {logging_mixin.py:115} INFO - [2022-11-30 10:21:05,566] {dagbag.py:321} ERROR - Failed to import: /opt/airflow/dags/main_dag.py
Traceback (most recent call last):
  File "/home/airflow/.local/lib/python3.7/site-packages/airflow/models/dagbag.py", line 318, in parse
    loader.exec_module(new_module)
  File "<frozen importlib._bootstrap_external>", line 728, in exec_module
  File "<frozen importlib._bootstrap>", line 219, in _call_with_frames_removed
  File "/opt/airflow/dags/main_dag.py", line 7, in <module>
    from helpers.sql_queries import SqlQueries
  File "/opt/airflow/plugins/helpers/__init__.py", line 1, in <module>
    from helpers.queries import SqlQueries
ModuleNotFoundError: No module named 'helpers.queries'
[2022-11-30 10:21:05,566] {processor.py:653} WARNING - No viable dags retrieved from /opt/airflow/dags/main_dag.py
[2022-11-30 10:21:05,579] {processor.py:161} INFO - Processing /opt/airflow/dags/main_dag.py took 0.028 seconds
[2022-11-30 10:21:35,632] {processor.py:153} INFO - Started process (PID=649) to work on /opt/airflow/dags/main_dag.py
[2022-11-30 10:21:35,633] {processor.py:641} INFO - Processing file /opt/airflow/dags/main_dag.py for tasks to queue
[2022-11-30 10:21:35,633] {logging_mixin.py:115} INFO - [2022-11-30 10:21:35,633] {dagbag.py:508} INFO - Filling up the DagBag from /opt/airflow/dags/main_dag.py
[2022-11-30 10:21:35,646] {logging_mixin.py:115} INFO - [2022-11-30 10:21:35,645] {dagbag.py:321} ERROR - Failed to import: /opt/airflow/dags/main_dag.py
Traceback (most recent call last):
  File "/home/airflow/.local/lib/python3.7/site-packages/airflow/models/dagbag.py", line 318, in parse
    loader.exec_module(new_module)
  File "<frozen importlib._bootstrap_external>", line 728, in exec_module
  File "<frozen importlib._bootstrap>", line 219, in _call_with_frames_removed
  File "/opt/airflow/dags/main_dag.py", line 7, in <module>
    from helpers.sql_queries import SqlQueries
ModuleNotFoundError: No module named 'helpers.sql_queries'
[2022-11-30 10:21:35,646] {processor.py:653} WARNING - No viable dags retrieved from /opt/airflow/dags/main_dag.py
[2022-11-30 10:21:35,674] {processor.py:161} INFO - Processing /opt/airflow/dags/main_dag.py took 0.048 seconds
[2022-11-30 10:22:05,729] {processor.py:153} INFO - Started process (PID=677) to work on /opt/airflow/dags/main_dag.py
[2022-11-30 10:22:05,734] {processor.py:641} INFO - Processing file /opt/airflow/dags/main_dag.py for tasks to queue
[2022-11-30 10:22:05,734] {logging_mixin.py:115} INFO - [2022-11-30 10:22:05,734] {dagbag.py:508} INFO - Filling up the DagBag from /opt/airflow/dags/main_dag.py
[2022-11-30 10:22:05,739] {logging_mixin.py:115} INFO - [2022-11-30 10:22:05,739] {dagbag.py:321} ERROR - Failed to import: /opt/airflow/dags/main_dag.py
Traceback (most recent call last):
  File "/home/airflow/.local/lib/python3.7/site-packages/airflow/models/dagbag.py", line 318, in parse
    loader.exec_module(new_module)
  File "<frozen importlib._bootstrap_external>", line 728, in exec_module
  File "<frozen importlib._bootstrap>", line 219, in _call_with_frames_removed
  File "/opt/airflow/dags/main_dag.py", line 7, in <module>
    from helpers.sql_queries import SqlQueries
ModuleNotFoundError: No module named 'helpers.sql_queries'
[2022-11-30 10:22:05,739] {processor.py:653} WARNING - No viable dags retrieved from /opt/airflow/dags/main_dag.py
[2022-11-30 10:22:05,752] {processor.py:161} INFO - Processing /opt/airflow/dags/main_dag.py took 0.025 seconds
[2022-11-30 10:22:23,788] {processor.py:153} INFO - Started process (PID=696) to work on /opt/airflow/dags/main_dag.py
[2022-11-30 10:22:23,789] {processor.py:641} INFO - Processing file /opt/airflow/dags/main_dag.py for tasks to queue
[2022-11-30 10:22:23,791] {logging_mixin.py:115} INFO - [2022-11-30 10:22:23,790] {dagbag.py:508} INFO - Filling up the DagBag from /opt/airflow/dags/main_dag.py
[2022-11-30 10:22:23,818] {processor.py:651} INFO - DAG(s) dict_keys(['main_dag']) retrieved from /opt/airflow/dags/main_dag.py
[2022-11-30 10:22:23,890] {logging_mixin.py:115} INFO - [2022-11-30 10:22:23,890] {manager.py:508} INFO - Created Permission View: can edit on DAG:main_dag
[2022-11-30 10:22:23,897] {logging_mixin.py:115} INFO - [2022-11-30 10:22:23,896] {manager.py:508} INFO - Created Permission View: can read on DAG:main_dag
[2022-11-30 10:22:23,901] {logging_mixin.py:115} INFO - [2022-11-30 10:22:23,901] {manager.py:508} INFO - Created Permission View: can delete on DAG:main_dag
[2022-11-30 10:22:23,901] {logging_mixin.py:115} INFO - [2022-11-30 10:22:23,901] {dag.py:2420} INFO - Sync 1 DAGs
[2022-11-30 10:22:23,907] {logging_mixin.py:115} INFO - [2022-11-30 10:22:23,907] {dag.py:2439} INFO - Creating ORM DAG for main_dag
[2022-11-30 10:22:23,916] {logging_mixin.py:115} INFO - [2022-11-30 10:22:23,916] {dag.py:2972} INFO - Setting next_dagrun for main_dag to 2022-11-30T10:25:00+00:00, run_after=2022-11-30T10:30:00+00:00
[2022-11-30 10:22:23,925] {processor.py:161} INFO - Processing /opt/airflow/dags/main_dag.py took 0.145 seconds
[2022-11-30 10:22:41,826] {processor.py:153} INFO - Started process (PID=706) to work on /opt/airflow/dags/main_dag.py
[2022-11-30 10:22:41,831] {processor.py:641} INFO - Processing file /opt/airflow/dags/main_dag.py for tasks to queue
[2022-11-30 10:22:41,831] {logging_mixin.py:115} INFO - [2022-11-30 10:22:41,831] {dagbag.py:508} INFO - Filling up the DagBag from /opt/airflow/dags/main_dag.py
[2022-11-30 10:22:41,841] {processor.py:651} INFO - DAG(s) dict_keys(['main_dag']) retrieved from /opt/airflow/dags/main_dag.py
[2022-11-30 10:22:41,850] {logging_mixin.py:115} INFO - [2022-11-30 10:22:41,850] {dag.py:2420} INFO - Sync 1 DAGs
[2022-11-30 10:22:41,867] {logging_mixin.py:115} INFO - [2022-11-30 10:22:41,867] {dag.py:2972} INFO - Setting next_dagrun for main_dag to 2022-11-30T10:25:00+00:00, run_after=2022-11-30T10:30:00+00:00
[2022-11-30 10:22:41,874] {processor.py:161} INFO - Processing /opt/airflow/dags/main_dag.py took 0.051 seconds
[2022-11-30 10:23:11,897] {processor.py:153} INFO - Started process (PID=736) to work on /opt/airflow/dags/main_dag.py
[2022-11-30 10:23:11,903] {processor.py:641} INFO - Processing file /opt/airflow/dags/main_dag.py for tasks to queue
[2022-11-30 10:23:11,904] {logging_mixin.py:115} INFO - [2022-11-30 10:23:11,904] {dagbag.py:508} INFO - Filling up the DagBag from /opt/airflow/dags/main_dag.py
[2022-11-30 10:23:11,914] {processor.py:651} INFO - DAG(s) dict_keys(['main_dag']) retrieved from /opt/airflow/dags/main_dag.py
[2022-11-30 10:23:11,954] {logging_mixin.py:115} INFO - [2022-11-30 10:23:11,954] {dag.py:2420} INFO - Sync 1 DAGs
[2022-11-30 10:23:11,969] {logging_mixin.py:115} INFO - [2022-11-30 10:23:11,968] {dag.py:2972} INFO - Setting next_dagrun for main_dag to 2022-11-30T10:25:00+00:00, run_after=2022-11-30T10:30:00+00:00
[2022-11-30 10:23:11,976] {processor.py:161} INFO - Processing /opt/airflow/dags/main_dag.py took 0.081 seconds
[2022-11-30 10:23:41,993] {processor.py:153} INFO - Started process (PID=765) to work on /opt/airflow/dags/main_dag.py
[2022-11-30 10:23:41,993] {processor.py:641} INFO - Processing file /opt/airflow/dags/main_dag.py for tasks to queue
[2022-11-30 10:23:41,993] {logging_mixin.py:115} INFO - [2022-11-30 10:23:41,993] {dagbag.py:508} INFO - Filling up the DagBag from /opt/airflow/dags/main_dag.py
[2022-11-30 10:23:42,000] {processor.py:651} INFO - DAG(s) dict_keys(['main_dag']) retrieved from /opt/airflow/dags/main_dag.py
[2022-11-30 10:23:42,045] {logging_mixin.py:115} INFO - [2022-11-30 10:23:42,044] {dag.py:2420} INFO - Sync 1 DAGs
[2022-11-30 10:23:42,060] {logging_mixin.py:115} INFO - [2022-11-30 10:23:42,060] {dag.py:2972} INFO - Setting next_dagrun for main_dag to 2022-11-30T10:25:00+00:00, run_after=2022-11-30T10:30:00+00:00
[2022-11-30 10:23:42,068] {processor.py:161} INFO - Processing /opt/airflow/dags/main_dag.py took 0.077 seconds
[2022-11-30 10:24:12,107] {processor.py:153} INFO - Started process (PID=784) to work on /opt/airflow/dags/main_dag.py
[2022-11-30 10:24:12,107] {processor.py:641} INFO - Processing file /opt/airflow/dags/main_dag.py for tasks to queue
[2022-11-30 10:24:12,108] {logging_mixin.py:115} INFO - [2022-11-30 10:24:12,108] {dagbag.py:508} INFO - Filling up the DagBag from /opt/airflow/dags/main_dag.py
[2022-11-30 10:24:12,114] {processor.py:651} INFO - DAG(s) dict_keys(['main_dag']) retrieved from /opt/airflow/dags/main_dag.py
[2022-11-30 10:24:12,154] {logging_mixin.py:115} INFO - [2022-11-30 10:24:12,154] {dag.py:2420} INFO - Sync 1 DAGs
[2022-11-30 10:24:12,168] {logging_mixin.py:115} INFO - [2022-11-30 10:24:12,168] {dag.py:2972} INFO - Setting next_dagrun for main_dag to 2022-11-30T10:25:00+00:00, run_after=2022-11-30T10:30:00+00:00
[2022-11-30 10:24:12,175] {processor.py:161} INFO - Processing /opt/airflow/dags/main_dag.py took 0.071 seconds
[2022-11-30 10:24:42,226] {processor.py:153} INFO - Started process (PID=812) to work on /opt/airflow/dags/main_dag.py
[2022-11-30 10:24:42,231] {processor.py:641} INFO - Processing file /opt/airflow/dags/main_dag.py for tasks to queue
[2022-11-30 10:24:42,231] {logging_mixin.py:115} INFO - [2022-11-30 10:24:42,231] {dagbag.py:508} INFO - Filling up the DagBag from /opt/airflow/dags/main_dag.py
[2022-11-30 10:24:42,238] {processor.py:651} INFO - DAG(s) dict_keys(['main_dag']) retrieved from /opt/airflow/dags/main_dag.py
[2022-11-30 10:24:42,280] {logging_mixin.py:115} INFO - [2022-11-30 10:24:42,280] {dag.py:2420} INFO - Sync 1 DAGs
[2022-11-30 10:24:42,295] {logging_mixin.py:115} INFO - [2022-11-30 10:24:42,295] {dag.py:2972} INFO - Setting next_dagrun for main_dag to 2022-11-30T10:25:00+00:00, run_after=2022-11-30T10:30:00+00:00
[2022-11-30 10:24:42,302] {processor.py:161} INFO - Processing /opt/airflow/dags/main_dag.py took 0.078 seconds
[2022-11-30 10:25:12,368] {processor.py:153} INFO - Started process (PID=840) to work on /opt/airflow/dags/main_dag.py
[2022-11-30 10:25:12,373] {processor.py:641} INFO - Processing file /opt/airflow/dags/main_dag.py for tasks to queue
[2022-11-30 10:25:12,373] {logging_mixin.py:115} INFO - [2022-11-30 10:25:12,373] {dagbag.py:508} INFO - Filling up the DagBag from /opt/airflow/dags/main_dag.py
[2022-11-30 10:25:12,381] {processor.py:651} INFO - DAG(s) dict_keys(['main_dag']) retrieved from /opt/airflow/dags/main_dag.py
[2022-11-30 10:25:12,423] {logging_mixin.py:115} INFO - [2022-11-30 10:25:12,423] {dag.py:2420} INFO - Sync 1 DAGs
[2022-11-30 10:25:12,437] {logging_mixin.py:115} INFO - [2022-11-30 10:25:12,437] {dag.py:2972} INFO - Setting next_dagrun for main_dag to 2022-11-30T10:30:00+00:00, run_after=2022-11-30T10:35:00+00:00
[2022-11-30 10:25:12,445] {processor.py:161} INFO - Processing /opt/airflow/dags/main_dag.py took 0.079 seconds
[2022-11-30 10:25:42,493] {processor.py:153} INFO - Started process (PID=868) to work on /opt/airflow/dags/main_dag.py
[2022-11-30 10:25:42,499] {processor.py:641} INFO - Processing file /opt/airflow/dags/main_dag.py for tasks to queue
[2022-11-30 10:25:42,500] {logging_mixin.py:115} INFO - [2022-11-30 10:25:42,500] {dagbag.py:508} INFO - Filling up the DagBag from /opt/airflow/dags/main_dag.py
[2022-11-30 10:25:42,530] {processor.py:651} INFO - DAG(s) dict_keys(['main_dag']) retrieved from /opt/airflow/dags/main_dag.py
[2022-11-30 10:25:42,584] {logging_mixin.py:115} INFO - [2022-11-30 10:25:42,584] {dag.py:2420} INFO - Sync 1 DAGs
[2022-11-30 10:25:42,598] {logging_mixin.py:115} INFO - [2022-11-30 10:25:42,598] {dag.py:2972} INFO - Setting next_dagrun for main_dag to 2022-11-30T10:30:00+00:00, run_after=2022-11-30T10:35:00+00:00
[2022-11-30 10:25:42,605] {processor.py:161} INFO - Processing /opt/airflow/dags/main_dag.py took 0.114 seconds
[2022-11-30 10:26:12,664] {processor.py:153} INFO - Started process (PID=887) to work on /opt/airflow/dags/main_dag.py
[2022-11-30 10:26:12,664] {processor.py:641} INFO - Processing file /opt/airflow/dags/main_dag.py for tasks to queue
[2022-11-30 10:26:12,664] {logging_mixin.py:115} INFO - [2022-11-30 10:26:12,664] {dagbag.py:508} INFO - Filling up the DagBag from /opt/airflow/dags/main_dag.py
[2022-11-30 10:26:12,672] {processor.py:651} INFO - DAG(s) dict_keys(['main_dag']) retrieved from /opt/airflow/dags/main_dag.py
[2022-11-30 10:26:12,727] {logging_mixin.py:115} INFO - [2022-11-30 10:26:12,727] {dag.py:2420} INFO - Sync 1 DAGs
[2022-11-30 10:26:12,750] {logging_mixin.py:115} INFO - [2022-11-30 10:26:12,750] {dag.py:2972} INFO - Setting next_dagrun for main_dag to 2022-11-30T10:30:00+00:00, run_after=2022-11-30T10:35:00+00:00
[2022-11-30 10:26:12,761] {processor.py:161} INFO - Processing /opt/airflow/dags/main_dag.py took 0.099 seconds
[2022-11-30 10:26:42,818] {processor.py:153} INFO - Started process (PID=915) to work on /opt/airflow/dags/main_dag.py
[2022-11-30 10:26:42,824] {processor.py:641} INFO - Processing file /opt/airflow/dags/main_dag.py for tasks to queue
[2022-11-30 10:26:42,825] {logging_mixin.py:115} INFO - [2022-11-30 10:26:42,825] {dagbag.py:508} INFO - Filling up the DagBag from /opt/airflow/dags/main_dag.py
[2022-11-30 10:26:42,835] {processor.py:651} INFO - DAG(s) dict_keys(['main_dag']) retrieved from /opt/airflow/dags/main_dag.py
[2022-11-30 10:26:42,874] {logging_mixin.py:115} INFO - [2022-11-30 10:26:42,874] {dag.py:2420} INFO - Sync 1 DAGs
[2022-11-30 10:26:42,888] {logging_mixin.py:115} INFO - [2022-11-30 10:26:42,888] {dag.py:2972} INFO - Setting next_dagrun for main_dag to 2022-11-30T10:30:00+00:00, run_after=2022-11-30T10:35:00+00:00
[2022-11-30 10:26:42,896] {processor.py:161} INFO - Processing /opt/airflow/dags/main_dag.py took 0.080 seconds
[2022-11-30 10:27:12,952] {processor.py:153} INFO - Started process (PID=943) to work on /opt/airflow/dags/main_dag.py
[2022-11-30 10:27:12,957] {processor.py:641} INFO - Processing file /opt/airflow/dags/main_dag.py for tasks to queue
[2022-11-30 10:27:12,958] {logging_mixin.py:115} INFO - [2022-11-30 10:27:12,958] {dagbag.py:508} INFO - Filling up the DagBag from /opt/airflow/dags/main_dag.py
[2022-11-30 10:27:12,968] {processor.py:651} INFO - DAG(s) dict_keys(['main_dag']) retrieved from /opt/airflow/dags/main_dag.py
[2022-11-30 10:27:13,007] {logging_mixin.py:115} INFO - [2022-11-30 10:27:13,007] {dag.py:2420} INFO - Sync 1 DAGs
[2022-11-30 10:27:13,021] {logging_mixin.py:115} INFO - [2022-11-30 10:27:13,021] {dag.py:2972} INFO - Setting next_dagrun for main_dag to 2022-11-30T10:30:00+00:00, run_after=2022-11-30T10:35:00+00:00
[2022-11-30 10:27:13,029] {processor.py:161} INFO - Processing /opt/airflow/dags/main_dag.py took 0.079 seconds
[2022-11-30 10:27:43,081] {processor.py:153} INFO - Started process (PID=971) to work on /opt/airflow/dags/main_dag.py
[2022-11-30 10:27:43,087] {processor.py:641} INFO - Processing file /opt/airflow/dags/main_dag.py for tasks to queue
[2022-11-30 10:27:43,087] {logging_mixin.py:115} INFO - [2022-11-30 10:27:43,087] {dagbag.py:508} INFO - Filling up the DagBag from /opt/airflow/dags/main_dag.py
[2022-11-30 10:27:43,096] {processor.py:651} INFO - DAG(s) dict_keys(['main_dag']) retrieved from /opt/airflow/dags/main_dag.py
[2022-11-30 10:27:43,144] {logging_mixin.py:115} INFO - [2022-11-30 10:27:43,144] {dag.py:2420} INFO - Sync 1 DAGs
[2022-11-30 10:27:43,162] {logging_mixin.py:115} INFO - [2022-11-30 10:27:43,162] {dag.py:2972} INFO - Setting next_dagrun for main_dag to 2022-11-30T10:30:00+00:00, run_after=2022-11-30T10:35:00+00:00
[2022-11-30 10:27:43,173] {processor.py:161} INFO - Processing /opt/airflow/dags/main_dag.py took 0.094 seconds
[2022-11-30 10:28:13,231] {processor.py:153} INFO - Started process (PID=990) to work on /opt/airflow/dags/main_dag.py
[2022-11-30 10:28:13,236] {processor.py:641} INFO - Processing file /opt/airflow/dags/main_dag.py for tasks to queue
[2022-11-30 10:28:13,237] {logging_mixin.py:115} INFO - [2022-11-30 10:28:13,237] {dagbag.py:508} INFO - Filling up the DagBag from /opt/airflow/dags/main_dag.py
[2022-11-30 10:28:13,244] {processor.py:651} INFO - DAG(s) dict_keys(['main_dag']) retrieved from /opt/airflow/dags/main_dag.py
[2022-11-30 10:28:13,285] {logging_mixin.py:115} INFO - [2022-11-30 10:28:13,284] {dag.py:2420} INFO - Sync 1 DAGs
[2022-11-30 10:28:13,299] {logging_mixin.py:115} INFO - [2022-11-30 10:28:13,299] {dag.py:2972} INFO - Setting next_dagrun for main_dag to 2022-11-30T10:30:00+00:00, run_after=2022-11-30T10:35:00+00:00
[2022-11-30 10:28:13,306] {processor.py:161} INFO - Processing /opt/airflow/dags/main_dag.py took 0.077 seconds
[2022-11-30 10:28:43,360] {processor.py:153} INFO - Started process (PID=1018) to work on /opt/airflow/dags/main_dag.py
[2022-11-30 10:28:43,366] {processor.py:641} INFO - Processing file /opt/airflow/dags/main_dag.py for tasks to queue
[2022-11-30 10:28:43,367] {logging_mixin.py:115} INFO - [2022-11-30 10:28:43,367] {dagbag.py:508} INFO - Filling up the DagBag from /opt/airflow/dags/main_dag.py
[2022-11-30 10:28:43,377] {processor.py:651} INFO - DAG(s) dict_keys(['main_dag']) retrieved from /opt/airflow/dags/main_dag.py
[2022-11-30 10:28:43,416] {logging_mixin.py:115} INFO - [2022-11-30 10:28:43,416] {dag.py:2420} INFO - Sync 1 DAGs
[2022-11-30 10:28:43,430] {logging_mixin.py:115} INFO - [2022-11-30 10:28:43,430] {dag.py:2972} INFO - Setting next_dagrun for main_dag to 2022-11-30T10:30:00+00:00, run_after=2022-11-30T10:35:00+00:00
[2022-11-30 10:28:43,438] {processor.py:161} INFO - Processing /opt/airflow/dags/main_dag.py took 0.080 seconds
[2022-11-30 10:29:13,500] {processor.py:153} INFO - Started process (PID=1046) to work on /opt/airflow/dags/main_dag.py
[2022-11-30 10:29:13,506] {processor.py:641} INFO - Processing file /opt/airflow/dags/main_dag.py for tasks to queue
[2022-11-30 10:29:13,507] {logging_mixin.py:115} INFO - [2022-11-30 10:29:13,507] {dagbag.py:508} INFO - Filling up the DagBag from /opt/airflow/dags/main_dag.py
[2022-11-30 10:29:13,538] {processor.py:651} INFO - DAG(s) dict_keys(['main_dag']) retrieved from /opt/airflow/dags/main_dag.py
[2022-11-30 10:29:13,591] {logging_mixin.py:115} INFO - [2022-11-30 10:29:13,591] {dag.py:2420} INFO - Sync 1 DAGs
[2022-11-30 10:29:13,606] {logging_mixin.py:115} INFO - [2022-11-30 10:29:13,606] {dag.py:2972} INFO - Setting next_dagrun for main_dag to 2022-11-30T10:30:00+00:00, run_after=2022-11-30T10:35:00+00:00
[2022-11-30 10:29:13,614] {processor.py:161} INFO - Processing /opt/airflow/dags/main_dag.py took 0.116 seconds
[2022-11-30 10:30:18,483] {processor.py:153} INFO - Started process (PID=41) to work on /opt/airflow/dags/main_dag.py
[2022-11-30 10:30:18,484] {processor.py:641} INFO - Processing file /opt/airflow/dags/main_dag.py for tasks to queue
[2022-11-30 10:30:18,485] {logging_mixin.py:115} INFO - [2022-11-30 10:30:18,484] {dagbag.py:508} INFO - Filling up the DagBag from /opt/airflow/dags/main_dag.py
[2022-11-30 10:30:18,639] {processor.py:651} INFO - DAG(s) dict_keys(['main_dag']) retrieved from /opt/airflow/dags/main_dag.py
[2022-11-30 10:30:18,696] {logging_mixin.py:115} INFO - [2022-11-30 10:30:18,696] {dag.py:2420} INFO - Sync 1 DAGs
[2022-11-30 10:30:18,713] {logging_mixin.py:115} INFO - [2022-11-30 10:30:18,713] {dag.py:2972} INFO - Setting next_dagrun for main_dag to 2022-11-30T10:35:00+00:00, run_after=2022-11-30T10:40:00+00:00
[2022-11-30 10:30:18,722] {processor.py:161} INFO - Processing /opt/airflow/dags/main_dag.py took 0.242 seconds
[2022-11-30 10:30:48,796] {processor.py:153} INFO - Started process (PID=68) to work on /opt/airflow/dags/main_dag.py
[2022-11-30 10:30:48,797] {processor.py:641} INFO - Processing file /opt/airflow/dags/main_dag.py for tasks to queue
[2022-11-30 10:30:48,798] {logging_mixin.py:115} INFO - [2022-11-30 10:30:48,797] {dagbag.py:508} INFO - Filling up the DagBag from /opt/airflow/dags/main_dag.py
[2022-11-30 10:30:48,814] {processor.py:651} INFO - DAG(s) dict_keys(['main_dag']) retrieved from /opt/airflow/dags/main_dag.py
[2022-11-30 10:30:48,868] {logging_mixin.py:115} INFO - [2022-11-30 10:30:48,868] {dag.py:2420} INFO - Sync 1 DAGs
[2022-11-30 10:30:48,884] {logging_mixin.py:115} INFO - [2022-11-30 10:30:48,884] {dag.py:2972} INFO - Setting next_dagrun for main_dag to 2022-11-30T10:35:00+00:00, run_after=2022-11-30T10:40:00+00:00
[2022-11-30 10:30:48,892] {processor.py:161} INFO - Processing /opt/airflow/dags/main_dag.py took 0.103 seconds
[2022-11-30 10:31:18,942] {processor.py:153} INFO - Started process (PID=96) to work on /opt/airflow/dags/main_dag.py
[2022-11-30 10:31:18,942] {processor.py:641} INFO - Processing file /opt/airflow/dags/main_dag.py for tasks to queue
[2022-11-30 10:31:18,943] {logging_mixin.py:115} INFO - [2022-11-30 10:31:18,943] {dagbag.py:508} INFO - Filling up the DagBag from /opt/airflow/dags/main_dag.py
[2022-11-30 10:31:18,951] {processor.py:651} INFO - DAG(s) dict_keys(['main_dag']) retrieved from /opt/airflow/dags/main_dag.py
[2022-11-30 10:31:18,999] {logging_mixin.py:115} INFO - [2022-11-30 10:31:18,999] {dag.py:2420} INFO - Sync 1 DAGs
[2022-11-30 10:31:19,017] {logging_mixin.py:115} INFO - [2022-11-30 10:31:19,017] {dag.py:2972} INFO - Setting next_dagrun for main_dag to 2022-11-30T10:35:00+00:00, run_after=2022-11-30T10:40:00+00:00
[2022-11-30 10:31:19,025] {processor.py:161} INFO - Processing /opt/airflow/dags/main_dag.py took 0.085 seconds
[2022-11-30 10:31:49,081] {processor.py:153} INFO - Started process (PID=122) to work on /opt/airflow/dags/main_dag.py
[2022-11-30 10:31:49,081] {processor.py:641} INFO - Processing file /opt/airflow/dags/main_dag.py for tasks to queue
[2022-11-30 10:31:49,082] {logging_mixin.py:115} INFO - [2022-11-30 10:31:49,082] {dagbag.py:508} INFO - Filling up the DagBag from /opt/airflow/dags/main_dag.py
[2022-11-30 10:31:49,090] {processor.py:651} INFO - DAG(s) dict_keys(['main_dag']) retrieved from /opt/airflow/dags/main_dag.py
[2022-11-30 10:31:49,137] {logging_mixin.py:115} INFO - [2022-11-30 10:31:49,137] {dag.py:2420} INFO - Sync 1 DAGs
[2022-11-30 10:31:49,155] {logging_mixin.py:115} INFO - [2022-11-30 10:31:49,155] {dag.py:2972} INFO - Setting next_dagrun for main_dag to 2022-11-30T10:35:00+00:00, run_after=2022-11-30T10:40:00+00:00
[2022-11-30 10:31:49,166] {processor.py:161} INFO - Processing /opt/airflow/dags/main_dag.py took 0.087 seconds
[2022-11-30 10:32:19,235] {processor.py:153} INFO - Started process (PID=144) to work on /opt/airflow/dags/main_dag.py
[2022-11-30 10:32:19,237] {processor.py:641} INFO - Processing file /opt/airflow/dags/main_dag.py for tasks to queue
[2022-11-30 10:32:19,238] {logging_mixin.py:115} INFO - [2022-11-30 10:32:19,238] {dagbag.py:508} INFO - Filling up the DagBag from /opt/airflow/dags/main_dag.py
[2022-11-30 10:32:19,261] {processor.py:651} INFO - DAG(s) dict_keys(['main_dag']) retrieved from /opt/airflow/dags/main_dag.py
[2022-11-30 10:32:19,316] {logging_mixin.py:115} INFO - [2022-11-30 10:32:19,316] {dag.py:2420} INFO - Sync 1 DAGs
[2022-11-30 10:32:19,332] {logging_mixin.py:115} INFO - [2022-11-30 10:32:19,331] {dag.py:2972} INFO - Setting next_dagrun for main_dag to 2022-11-30T10:35:00+00:00, run_after=2022-11-30T10:40:00+00:00
[2022-11-30 10:32:19,339] {processor.py:161} INFO - Processing /opt/airflow/dags/main_dag.py took 0.112 seconds
[2022-11-30 10:32:49,392] {processor.py:153} INFO - Started process (PID=172) to work on /opt/airflow/dags/main_dag.py
[2022-11-30 10:32:49,392] {processor.py:641} INFO - Processing file /opt/airflow/dags/main_dag.py for tasks to queue
[2022-11-30 10:32:49,393] {logging_mixin.py:115} INFO - [2022-11-30 10:32:49,393] {dagbag.py:508} INFO - Filling up the DagBag from /opt/airflow/dags/main_dag.py
[2022-11-30 10:32:49,401] {processor.py:651} INFO - DAG(s) dict_keys(['main_dag']) retrieved from /opt/airflow/dags/main_dag.py
[2022-11-30 10:32:49,449] {logging_mixin.py:115} INFO - [2022-11-30 10:32:49,449] {dag.py:2420} INFO - Sync 1 DAGs
[2022-11-30 10:32:49,466] {logging_mixin.py:115} INFO - [2022-11-30 10:32:49,466] {dag.py:2972} INFO - Setting next_dagrun for main_dag to 2022-11-30T10:35:00+00:00, run_after=2022-11-30T10:40:00+00:00
[2022-11-30 10:32:49,473] {processor.py:161} INFO - Processing /opt/airflow/dags/main_dag.py took 0.084 seconds
[2022-11-30 10:33:31,985] {processor.py:153} INFO - Started process (PID=42) to work on /opt/airflow/dags/main_dag.py
[2022-11-30 10:33:31,985] {processor.py:641} INFO - Processing file /opt/airflow/dags/main_dag.py for tasks to queue
[2022-11-30 10:33:31,986] {logging_mixin.py:115} INFO - [2022-11-30 10:33:31,986] {dagbag.py:508} INFO - Filling up the DagBag from /opt/airflow/dags/main_dag.py
[2022-11-30 10:33:32,108] {processor.py:651} INFO - DAG(s) dict_keys(['main_dag']) retrieved from /opt/airflow/dags/main_dag.py
[2022-11-30 10:33:32,157] {logging_mixin.py:115} INFO - [2022-11-30 10:33:32,157] {dag.py:2420} INFO - Sync 1 DAGs
[2022-11-30 10:33:32,174] {logging_mixin.py:115} INFO - [2022-11-30 10:33:32,174] {dag.py:2972} INFO - Setting next_dagrun for main_dag to 2022-11-30T10:35:00+00:00, run_after=2022-11-30T10:40:00+00:00
[2022-11-30 10:33:32,183] {processor.py:161} INFO - Processing /opt/airflow/dags/main_dag.py took 0.201 seconds
[2022-11-30 10:34:02,339] {processor.py:153} INFO - Started process (PID=70) to work on /opt/airflow/dags/main_dag.py
[2022-11-30 10:34:02,340] {processor.py:641} INFO - Processing file /opt/airflow/dags/main_dag.py for tasks to queue
[2022-11-30 10:34:02,340] {logging_mixin.py:115} INFO - [2022-11-30 10:34:02,340] {dagbag.py:508} INFO - Filling up the DagBag from /opt/airflow/dags/main_dag.py
[2022-11-30 10:34:02,346] {processor.py:651} INFO - DAG(s) dict_keys(['main_dag']) retrieved from /opt/airflow/dags/main_dag.py
[2022-11-30 10:34:02,386] {logging_mixin.py:115} INFO - [2022-11-30 10:34:02,386] {dag.py:2420} INFO - Sync 1 DAGs
[2022-11-30 10:34:02,410] {logging_mixin.py:115} INFO - [2022-11-30 10:34:02,410] {dag.py:2972} INFO - Setting next_dagrun for main_dag to 2022-11-30T10:35:00+00:00, run_after=2022-11-30T10:40:00+00:00
[2022-11-30 10:34:02,419] {processor.py:161} INFO - Processing /opt/airflow/dags/main_dag.py took 0.080 seconds
[2022-11-30 10:34:32,469] {processor.py:153} INFO - Started process (PID=98) to work on /opt/airflow/dags/main_dag.py
[2022-11-30 10:34:32,470] {processor.py:641} INFO - Processing file /opt/airflow/dags/main_dag.py for tasks to queue
[2022-11-30 10:34:32,470] {logging_mixin.py:115} INFO - [2022-11-30 10:34:32,470] {dagbag.py:508} INFO - Filling up the DagBag from /opt/airflow/dags/main_dag.py
[2022-11-30 10:34:32,479] {processor.py:651} INFO - DAG(s) dict_keys(['main_dag']) retrieved from /opt/airflow/dags/main_dag.py
[2022-11-30 10:34:32,530] {logging_mixin.py:115} INFO - [2022-11-30 10:34:32,530] {dag.py:2420} INFO - Sync 1 DAGs
[2022-11-30 10:34:32,546] {logging_mixin.py:115} INFO - [2022-11-30 10:34:32,546] {dag.py:2972} INFO - Setting next_dagrun for main_dag to 2022-11-30T10:35:00+00:00, run_after=2022-11-30T10:40:00+00:00
[2022-11-30 10:34:32,555] {processor.py:161} INFO - Processing /opt/airflow/dags/main_dag.py took 0.088 seconds
[2022-11-30 10:34:56,539] {processor.py:153} INFO - Started process (PID=117) to work on /opt/airflow/dags/main_dag.py
[2022-11-30 10:34:56,540] {processor.py:641} INFO - Processing file /opt/airflow/dags/main_dag.py for tasks to queue
[2022-11-30 10:34:56,541] {logging_mixin.py:115} INFO - [2022-11-30 10:34:56,541] {dagbag.py:508} INFO - Filling up the DagBag from /opt/airflow/dags/main_dag.py
[2022-11-30 10:34:56,565] {logging_mixin.py:115} INFO - [2022-11-30 10:34:56,564] {dagbag.py:321} ERROR - Failed to import: /opt/airflow/dags/main_dag.py
Traceback (most recent call last):
  File "/home/airflow/.local/lib/python3.7/site-packages/airflow/models/dagbag.py", line 318, in parse
    loader.exec_module(new_module)
  File "<frozen importlib._bootstrap_external>", line 728, in exec_module
  File "<frozen importlib._bootstrap>", line 219, in _call_with_frames_removed
  File "/opt/airflow/dags/main_dag.py", line 41, in <module>
    postgres_conn_id="production_postgres"
  File "/home/airflow/.local/lib/python3.7/site-packages/airflow/models/baseoperator.py", line 390, in apply_defaults
    result = func(self, **kwargs, default_args=default_args)
  File "/home/airflow/.local/lib/python3.7/site-packages/airflow/providers/postgres/operators/postgres.py", line 64, in __init__
    super().__init__(**kwargs)
  File "/home/airflow/.local/lib/python3.7/site-packages/airflow/models/baseoperator.py", line 390, in apply_defaults
    result = func(self, **kwargs, default_args=default_args)
  File "/home/airflow/.local/lib/python3.7/site-packages/airflow/models/baseoperator.py", line 764, in __init__
    task_group.add(self)
  File "/home/airflow/.local/lib/python3.7/site-packages/airflow/utils/task_group.py", line 210, in add
    raise DuplicateTaskIdFound(f"{node_type} id '{key}' has already been added to the DAG")
airflow.exceptions.DuplicateTaskIdFound: Task id 'create_currency_schema' has already been added to the DAG
[2022-11-30 10:34:56,566] {processor.py:653} WARNING - No viable dags retrieved from /opt/airflow/dags/main_dag.py
[2022-11-30 10:34:56,582] {processor.py:161} INFO - Processing /opt/airflow/dags/main_dag.py took 0.051 seconds
[2022-11-30 10:35:10,563] {processor.py:153} INFO - Started process (PID=127) to work on /opt/airflow/dags/main_dag.py
[2022-11-30 10:35:10,563] {processor.py:641} INFO - Processing file /opt/airflow/dags/main_dag.py for tasks to queue
[2022-11-30 10:35:10,564] {logging_mixin.py:115} INFO - [2022-11-30 10:35:10,563] {dagbag.py:508} INFO - Filling up the DagBag from /opt/airflow/dags/main_dag.py
[2022-11-30 10:35:10,577] {processor.py:651} INFO - DAG(s) dict_keys(['main_dag']) retrieved from /opt/airflow/dags/main_dag.py
[2022-11-30 10:35:10,643] {logging_mixin.py:115} INFO - [2022-11-30 10:35:10,643] {dag.py:2420} INFO - Sync 1 DAGs
[2022-11-30 10:35:10,658] {logging_mixin.py:115} INFO - [2022-11-30 10:35:10,658] {dag.py:2972} INFO - Setting next_dagrun for main_dag to 2022-11-30T10:40:00+00:00, run_after=2022-11-30T10:45:00+00:00
[2022-11-30 10:35:10,668] {processor.py:161} INFO - Processing /opt/airflow/dags/main_dag.py took 0.108 seconds
[2022-11-30 10:35:16,621] {processor.py:153} INFO - Started process (PID=137) to work on /opt/airflow/dags/main_dag.py
[2022-11-30 10:35:16,622] {processor.py:641} INFO - Processing file /opt/airflow/dags/main_dag.py for tasks to queue
[2022-11-30 10:35:16,622] {logging_mixin.py:115} INFO - [2022-11-30 10:35:16,622] {dagbag.py:508} INFO - Filling up the DagBag from /opt/airflow/dags/main_dag.py
[2022-11-30 10:35:16,629] {processor.py:651} INFO - DAG(s) dict_keys(['main_dag']) retrieved from /opt/airflow/dags/main_dag.py
[2022-11-30 10:35:16,644] {logging_mixin.py:115} INFO - [2022-11-30 10:35:16,644] {dag.py:2420} INFO - Sync 1 DAGs
[2022-11-30 10:35:16,660] {logging_mixin.py:115} INFO - [2022-11-30 10:35:16,659] {dag.py:2972} INFO - Setting next_dagrun for main_dag to 2022-11-30T10:40:00+00:00, run_after=2022-11-30T10:45:00+00:00
[2022-11-30 10:35:16,668] {processor.py:161} INFO - Processing /opt/airflow/dags/main_dag.py took 0.048 seconds
[2022-11-30 10:35:46,699] {processor.py:153} INFO - Started process (PID=155) to work on /opt/airflow/dags/main_dag.py
[2022-11-30 10:35:46,699] {processor.py:641} INFO - Processing file /opt/airflow/dags/main_dag.py for tasks to queue
[2022-11-30 10:35:46,700] {logging_mixin.py:115} INFO - [2022-11-30 10:35:46,700] {dagbag.py:508} INFO - Filling up the DagBag from /opt/airflow/dags/main_dag.py
[2022-11-30 10:35:46,710] {processor.py:651} INFO - DAG(s) dict_keys(['main_dag']) retrieved from /opt/airflow/dags/main_dag.py
[2022-11-30 10:35:46,755] {logging_mixin.py:115} INFO - [2022-11-30 10:35:46,755] {dag.py:2420} INFO - Sync 1 DAGs
[2022-11-30 10:35:46,772] {logging_mixin.py:115} INFO - [2022-11-30 10:35:46,771] {dag.py:2972} INFO - Setting next_dagrun for main_dag to 2022-11-30T10:40:00+00:00, run_after=2022-11-30T10:45:00+00:00
[2022-11-30 10:35:46,781] {processor.py:161} INFO - Processing /opt/airflow/dags/main_dag.py took 0.084 seconds
[2022-11-30 10:36:16,857] {processor.py:153} INFO - Started process (PID=184) to work on /opt/airflow/dags/main_dag.py
[2022-11-30 10:36:16,858] {processor.py:641} INFO - Processing file /opt/airflow/dags/main_dag.py for tasks to queue
[2022-11-30 10:36:16,859] {logging_mixin.py:115} INFO - [2022-11-30 10:36:16,859] {dagbag.py:508} INFO - Filling up the DagBag from /opt/airflow/dags/main_dag.py
[2022-11-30 10:36:16,885] {processor.py:651} INFO - DAG(s) dict_keys(['main_dag']) retrieved from /opt/airflow/dags/main_dag.py
[2022-11-30 10:36:16,936] {logging_mixin.py:115} INFO - [2022-11-30 10:36:16,936] {dag.py:2420} INFO - Sync 1 DAGs
[2022-11-30 10:36:16,955] {logging_mixin.py:115} INFO - [2022-11-30 10:36:16,955] {dag.py:2972} INFO - Setting next_dagrun for main_dag to 2022-11-30T10:40:00+00:00, run_after=2022-11-30T10:45:00+00:00
[2022-11-30 10:36:16,963] {processor.py:161} INFO - Processing /opt/airflow/dags/main_dag.py took 0.114 seconds
[2022-11-30 10:36:47,018] {processor.py:153} INFO - Started process (PID=212) to work on /opt/airflow/dags/main_dag.py
[2022-11-30 10:36:47,019] {processor.py:641} INFO - Processing file /opt/airflow/dags/main_dag.py for tasks to queue
[2022-11-30 10:36:47,019] {logging_mixin.py:115} INFO - [2022-11-30 10:36:47,019] {dagbag.py:508} INFO - Filling up the DagBag from /opt/airflow/dags/main_dag.py
[2022-11-30 10:36:47,027] {processor.py:651} INFO - DAG(s) dict_keys(['main_dag']) retrieved from /opt/airflow/dags/main_dag.py
[2022-11-30 10:36:47,074] {logging_mixin.py:115} INFO - [2022-11-30 10:36:47,074] {dag.py:2420} INFO - Sync 1 DAGs
[2022-11-30 10:36:47,091] {logging_mixin.py:115} INFO - [2022-11-30 10:36:47,091] {dag.py:2972} INFO - Setting next_dagrun for main_dag to 2022-11-30T10:40:00+00:00, run_after=2022-11-30T10:45:00+00:00
[2022-11-30 10:36:47,100] {processor.py:161} INFO - Processing /opt/airflow/dags/main_dag.py took 0.084 seconds
[2022-11-30 10:37:17,157] {processor.py:153} INFO - Started process (PID=240) to work on /opt/airflow/dags/main_dag.py
[2022-11-30 10:37:17,163] {processor.py:641} INFO - Processing file /opt/airflow/dags/main_dag.py for tasks to queue
[2022-11-30 10:37:17,163] {logging_mixin.py:115} INFO - [2022-11-30 10:37:17,163] {dagbag.py:508} INFO - Filling up the DagBag from /opt/airflow/dags/main_dag.py
[2022-11-30 10:37:17,172] {processor.py:651} INFO - DAG(s) dict_keys(['main_dag']) retrieved from /opt/airflow/dags/main_dag.py
[2022-11-30 10:37:17,219] {logging_mixin.py:115} INFO - [2022-11-30 10:37:17,219] {dag.py:2420} INFO - Sync 1 DAGs
[2022-11-30 10:37:17,236] {logging_mixin.py:115} INFO - [2022-11-30 10:37:17,236] {dag.py:2972} INFO - Setting next_dagrun for main_dag to 2022-11-30T10:40:00+00:00, run_after=2022-11-30T10:45:00+00:00
[2022-11-30 10:37:17,245] {processor.py:161} INFO - Processing /opt/airflow/dags/main_dag.py took 0.090 seconds
[2022-11-30 10:37:47,316] {processor.py:153} INFO - Started process (PID=259) to work on /opt/airflow/dags/main_dag.py
[2022-11-30 10:37:47,322] {processor.py:641} INFO - Processing file /opt/airflow/dags/main_dag.py for tasks to queue
[2022-11-30 10:37:47,323] {logging_mixin.py:115} INFO - [2022-11-30 10:37:47,322] {dagbag.py:508} INFO - Filling up the DagBag from /opt/airflow/dags/main_dag.py
[2022-11-30 10:37:47,347] {processor.py:651} INFO - DAG(s) dict_keys(['main_dag']) retrieved from /opt/airflow/dags/main_dag.py
[2022-11-30 10:37:47,408] {logging_mixin.py:115} INFO - [2022-11-30 10:37:47,408] {dag.py:2420} INFO - Sync 1 DAGs
[2022-11-30 10:37:47,423] {logging_mixin.py:115} INFO - [2022-11-30 10:37:47,423] {dag.py:2972} INFO - Setting next_dagrun for main_dag to 2022-11-30T10:40:00+00:00, run_after=2022-11-30T10:45:00+00:00
[2022-11-30 10:37:47,430] {processor.py:161} INFO - Processing /opt/airflow/dags/main_dag.py took 0.119 seconds
[2022-11-30 10:38:17,474] {processor.py:153} INFO - Started process (PID=287) to work on /opt/airflow/dags/main_dag.py
[2022-11-30 10:38:17,475] {processor.py:641} INFO - Processing file /opt/airflow/dags/main_dag.py for tasks to queue
[2022-11-30 10:38:17,475] {logging_mixin.py:115} INFO - [2022-11-30 10:38:17,475] {dagbag.py:508} INFO - Filling up the DagBag from /opt/airflow/dags/main_dag.py
[2022-11-30 10:38:17,482] {processor.py:651} INFO - DAG(s) dict_keys(['main_dag']) retrieved from /opt/airflow/dags/main_dag.py
[2022-11-30 10:38:17,527] {logging_mixin.py:115} INFO - [2022-11-30 10:38:17,527] {dag.py:2420} INFO - Sync 1 DAGs
[2022-11-30 10:38:17,545] {logging_mixin.py:115} INFO - [2022-11-30 10:38:17,545] {dag.py:2972} INFO - Setting next_dagrun for main_dag to 2022-11-30T10:40:00+00:00, run_after=2022-11-30T10:45:00+00:00
[2022-11-30 10:38:17,554] {processor.py:161} INFO - Processing /opt/airflow/dags/main_dag.py took 0.082 seconds
[2022-11-30 10:38:47,574] {processor.py:153} INFO - Started process (PID=315) to work on /opt/airflow/dags/main_dag.py
[2022-11-30 10:38:47,580] {processor.py:641} INFO - Processing file /opt/airflow/dags/main_dag.py for tasks to queue
[2022-11-30 10:38:47,581] {logging_mixin.py:115} INFO - [2022-11-30 10:38:47,581] {dagbag.py:508} INFO - Filling up the DagBag from /opt/airflow/dags/main_dag.py
[2022-11-30 10:38:47,613] {processor.py:651} INFO - DAG(s) dict_keys(['main_dag']) retrieved from /opt/airflow/dags/main_dag.py
[2022-11-30 10:38:47,666] {logging_mixin.py:115} INFO - [2022-11-30 10:38:47,666] {dag.py:2420} INFO - Sync 1 DAGs
[2022-11-30 10:38:47,686] {logging_mixin.py:115} INFO - [2022-11-30 10:38:47,686] {dag.py:2972} INFO - Setting next_dagrun for main_dag to 2022-11-30T10:40:00+00:00, run_after=2022-11-30T10:45:00+00:00
[2022-11-30 10:38:47,695] {processor.py:161} INFO - Processing /opt/airflow/dags/main_dag.py took 0.122 seconds
[2022-11-30 10:39:17,749] {processor.py:153} INFO - Started process (PID=334) to work on /opt/airflow/dags/main_dag.py
[2022-11-30 10:39:17,749] {processor.py:641} INFO - Processing file /opt/airflow/dags/main_dag.py for tasks to queue
[2022-11-30 10:39:17,750] {logging_mixin.py:115} INFO - [2022-11-30 10:39:17,750] {dagbag.py:508} INFO - Filling up the DagBag from /opt/airflow/dags/main_dag.py
[2022-11-30 10:39:17,763] {processor.py:651} INFO - DAG(s) dict_keys(['main_dag']) retrieved from /opt/airflow/dags/main_dag.py
[2022-11-30 10:39:17,821] {logging_mixin.py:115} INFO - [2022-11-30 10:39:17,821] {dag.py:2420} INFO - Sync 1 DAGs
[2022-11-30 10:39:17,838] {logging_mixin.py:115} INFO - [2022-11-30 10:39:17,838] {dag.py:2972} INFO - Setting next_dagrun for main_dag to 2022-11-30T10:40:00+00:00, run_after=2022-11-30T10:45:00+00:00
[2022-11-30 10:39:17,847] {processor.py:161} INFO - Processing /opt/airflow/dags/main_dag.py took 0.102 seconds
[2022-11-30 10:39:47,902] {processor.py:153} INFO - Started process (PID=362) to work on /opt/airflow/dags/main_dag.py
[2022-11-30 10:39:47,908] {processor.py:641} INFO - Processing file /opt/airflow/dags/main_dag.py for tasks to queue
[2022-11-30 10:39:47,909] {logging_mixin.py:115} INFO - [2022-11-30 10:39:47,909] {dagbag.py:508} INFO - Filling up the DagBag from /opt/airflow/dags/main_dag.py
[2022-11-30 10:39:47,939] {processor.py:651} INFO - DAG(s) dict_keys(['main_dag']) retrieved from /opt/airflow/dags/main_dag.py
[2022-11-30 10:39:47,993] {logging_mixin.py:115} INFO - [2022-11-30 10:39:47,993] {dag.py:2420} INFO - Sync 1 DAGs
[2022-11-30 10:39:48,010] {logging_mixin.py:115} INFO - [2022-11-30 10:39:48,010] {dag.py:2972} INFO - Setting next_dagrun for main_dag to 2022-11-30T10:40:00+00:00, run_after=2022-11-30T10:45:00+00:00
[2022-11-30 10:39:48,018] {processor.py:161} INFO - Processing /opt/airflow/dags/main_dag.py took 0.120 seconds
[2022-11-30 10:40:18,067] {processor.py:153} INFO - Started process (PID=390) to work on /opt/airflow/dags/main_dag.py
[2022-11-30 10:40:18,073] {processor.py:641} INFO - Processing file /opt/airflow/dags/main_dag.py for tasks to queue
[2022-11-30 10:40:18,074] {logging_mixin.py:115} INFO - [2022-11-30 10:40:18,074] {dagbag.py:508} INFO - Filling up the DagBag from /opt/airflow/dags/main_dag.py
[2022-11-30 10:40:18,084] {processor.py:651} INFO - DAG(s) dict_keys(['main_dag']) retrieved from /opt/airflow/dags/main_dag.py
[2022-11-30 10:40:18,134] {logging_mixin.py:115} INFO - [2022-11-30 10:40:18,134] {dag.py:2420} INFO - Sync 1 DAGs
[2022-11-30 10:40:18,154] {logging_mixin.py:115} INFO - [2022-11-30 10:40:18,154] {dag.py:2972} INFO - Setting next_dagrun for main_dag to 2022-11-30T10:45:00+00:00, run_after=2022-11-30T10:50:00+00:00
[2022-11-30 10:40:18,163] {processor.py:161} INFO - Processing /opt/airflow/dags/main_dag.py took 0.099 seconds
[2022-11-30 10:40:48,223] {processor.py:153} INFO - Started process (PID=418) to work on /opt/airflow/dags/main_dag.py
[2022-11-30 10:40:48,229] {processor.py:641} INFO - Processing file /opt/airflow/dags/main_dag.py for tasks to queue
[2022-11-30 10:40:48,229] {logging_mixin.py:115} INFO - [2022-11-30 10:40:48,229] {dagbag.py:508} INFO - Filling up the DagBag from /opt/airflow/dags/main_dag.py
[2022-11-30 10:40:48,239] {processor.py:651} INFO - DAG(s) dict_keys(['main_dag']) retrieved from /opt/airflow/dags/main_dag.py
[2022-11-30 10:40:48,292] {logging_mixin.py:115} INFO - [2022-11-30 10:40:48,292] {dag.py:2420} INFO - Sync 1 DAGs
[2022-11-30 10:40:48,311] {logging_mixin.py:115} INFO - [2022-11-30 10:40:48,311] {dag.py:2972} INFO - Setting next_dagrun for main_dag to 2022-11-30T10:45:00+00:00, run_after=2022-11-30T10:50:00+00:00
[2022-11-30 10:40:48,323] {processor.py:161} INFO - Processing /opt/airflow/dags/main_dag.py took 0.102 seconds
[2022-11-30 10:41:18,376] {processor.py:153} INFO - Started process (PID=437) to work on /opt/airflow/dags/main_dag.py
[2022-11-30 10:41:18,381] {processor.py:641} INFO - Processing file /opt/airflow/dags/main_dag.py for tasks to queue
[2022-11-30 10:41:18,382] {logging_mixin.py:115} INFO - [2022-11-30 10:41:18,381] {dagbag.py:508} INFO - Filling up the DagBag from /opt/airflow/dags/main_dag.py
[2022-11-30 10:41:18,389] {processor.py:651} INFO - DAG(s) dict_keys(['main_dag']) retrieved from /opt/airflow/dags/main_dag.py
[2022-11-30 10:41:18,433] {logging_mixin.py:115} INFO - [2022-11-30 10:41:18,433] {dag.py:2420} INFO - Sync 1 DAGs
[2022-11-30 10:41:18,449] {logging_mixin.py:115} INFO - [2022-11-30 10:41:18,449] {dag.py:2972} INFO - Setting next_dagrun for main_dag to 2022-11-30T10:45:00+00:00, run_after=2022-11-30T10:50:00+00:00
[2022-11-30 10:41:18,457] {processor.py:161} INFO - Processing /opt/airflow/dags/main_dag.py took 0.082 seconds
[2022-11-30 10:41:48,520] {processor.py:153} INFO - Started process (PID=465) to work on /opt/airflow/dags/main_dag.py
[2022-11-30 10:41:48,526] {processor.py:641} INFO - Processing file /opt/airflow/dags/main_dag.py for tasks to queue
[2022-11-30 10:41:48,527] {logging_mixin.py:115} INFO - [2022-11-30 10:41:48,527] {dagbag.py:508} INFO - Filling up the DagBag from /opt/airflow/dags/main_dag.py
[2022-11-30 10:41:48,557] {processor.py:651} INFO - DAG(s) dict_keys(['main_dag']) retrieved from /opt/airflow/dags/main_dag.py
[2022-11-30 10:41:48,614] {logging_mixin.py:115} INFO - [2022-11-30 10:41:48,614] {dag.py:2420} INFO - Sync 1 DAGs
[2022-11-30 10:41:48,632] {logging_mixin.py:115} INFO - [2022-11-30 10:41:48,632] {dag.py:2972} INFO - Setting next_dagrun for main_dag to 2022-11-30T10:45:00+00:00, run_after=2022-11-30T10:50:00+00:00
[2022-11-30 10:41:48,640] {processor.py:161} INFO - Processing /opt/airflow/dags/main_dag.py took 0.124 seconds
[2022-11-30 10:42:18,696] {processor.py:153} INFO - Started process (PID=493) to work on /opt/airflow/dags/main_dag.py
[2022-11-30 10:42:18,696] {processor.py:641} INFO - Processing file /opt/airflow/dags/main_dag.py for tasks to queue
[2022-11-30 10:42:18,697] {logging_mixin.py:115} INFO - [2022-11-30 10:42:18,697] {dagbag.py:508} INFO - Filling up the DagBag from /opt/airflow/dags/main_dag.py
[2022-11-30 10:42:18,708] {processor.py:651} INFO - DAG(s) dict_keys(['main_dag']) retrieved from /opt/airflow/dags/main_dag.py
[2022-11-30 10:42:18,754] {logging_mixin.py:115} INFO - [2022-11-30 10:42:18,754] {dag.py:2420} INFO - Sync 1 DAGs
[2022-11-30 10:42:18,771] {logging_mixin.py:115} INFO - [2022-11-30 10:42:18,771] {dag.py:2972} INFO - Setting next_dagrun for main_dag to 2022-11-30T10:45:00+00:00, run_after=2022-11-30T10:50:00+00:00
[2022-11-30 10:42:18,781] {processor.py:161} INFO - Processing /opt/airflow/dags/main_dag.py took 0.088 seconds
[2022-11-30 10:42:48,829] {processor.py:153} INFO - Started process (PID=512) to work on /opt/airflow/dags/main_dag.py
[2022-11-30 10:42:48,829] {processor.py:641} INFO - Processing file /opt/airflow/dags/main_dag.py for tasks to queue
[2022-11-30 10:42:48,829] {logging_mixin.py:115} INFO - [2022-11-30 10:42:48,829] {dagbag.py:508} INFO - Filling up the DagBag from /opt/airflow/dags/main_dag.py
[2022-11-30 10:42:48,837] {processor.py:651} INFO - DAG(s) dict_keys(['main_dag']) retrieved from /opt/airflow/dags/main_dag.py
[2022-11-30 10:42:48,882] {logging_mixin.py:115} INFO - [2022-11-30 10:42:48,882] {dag.py:2420} INFO - Sync 1 DAGs
[2022-11-30 10:42:48,899] {logging_mixin.py:115} INFO - [2022-11-30 10:42:48,899] {dag.py:2972} INFO - Setting next_dagrun for main_dag to 2022-11-30T10:45:00+00:00, run_after=2022-11-30T10:50:00+00:00
[2022-11-30 10:42:48,907] {processor.py:161} INFO - Processing /opt/airflow/dags/main_dag.py took 0.081 seconds
